[ 2017-08-14T15:19:49+08:00 ] ::1 /caiwu/index.php/Home/Index/main
INFO: [ app_init ] --START--
INFO: Run Behavior\BuildLiteBehavior [ RunTime:0.000000s ]
INFO: [ app_init ] --END-- [ RunTime:0.008000s ]
INFO: [ app_begin ] --START--
INFO: Run Behavior\ReadHtmlCacheBehavior [ RunTime:0.006000s ]
INFO: [ app_begin ] --END-- [ RunTime:0.006000s ]

[ 2017-08-14T15:19:49+08:00 ] ::1 /caiwu/index.php/home/index/login.html
INFO: [ app_init ] --START--
INFO: Run Behavior\BuildLiteBehavior [ RunTime:0.000000s ]
INFO: [ app_init ] --END-- [ RunTime:0.001000s ]
INFO: [ app_begin ] --START--
INFO: Run Behavior\ReadHtmlCacheBehavior [ RunTime:0.001000s ]
INFO: [ app_begin ] --END-- [ RunTime:0.001000s ]
INFO: [ view_parse ] --START--
INFO: [ template_filter ] --START--
INFO: Run Behavior\ContentReplaceBehavior [ RunTime:0.000000s ]
INFO: [ template_filter ] --END-- [ RunTime:0.000000s ]
INFO: Run Behavior\ParseTemplateBehavior [ RunTime:0.046000s ]
INFO: [ view_parse ] --END-- [ RunTime:0.046000s ]
INFO: [ view_filter ] --START--
INFO: Run Behavior\WriteHtmlCacheBehavior [ RunTime:0.007000s ]
INFO: [ view_filter ] --END-- [ RunTime:0.007000s ]
INFO: [ app_end ] --START--
INFO: Run Behavior\ShowPageTraceBehavior [ RunTime:0.003000s ]
INFO: [ app_end ] --END-- [ RunTime:0.003000s ]

[ 2017-08-14T15:20:02+08:00 ] ::1 /caiwu/index.php/home/index/do_login.html
INFO: [ app_init ] --START--
INFO: Run Behavior\BuildLiteBehavior [ RunTime:0.000000s ]
INFO: [ app_init ] --END-- [ RunTime:0.000000s ]
INFO: [ app_begin ] --START--
INFO: Run Behavior\ReadHtmlCacheBehavior [ RunTime:0.001000s ]
INFO: [ app_begin ] --END-- [ RunTime:0.001000s ]
SQL: SHOW COLUMNS FROM `fanwe_family` [ RunTime:0.0240s ]
SQL: SELECT * FROM `fanwe_family` WHERE `user_id` = 'admin' AND `status` = 1 LIMIT 1   [ RunTime:0.0230s ]
SQL: SHOW COLUMNS FROM `fanwe_caiwu_admin` [ RunTime:0.0230s ]
SQL: SELECT * FROM `fanwe_caiwu_admin` WHERE `user_account` = 'admin' AND `user_password` = 'e10adc3949ba59abbe56e057f20f883e' LIMIT 1   [ RunTime:0.0230s ]

[ 2017-08-14T15:20:02+08:00 ] ::1 /caiwu/index.php/home/index/main.html
INFO: [ app_init ] --START--
INFO: Run Behavior\BuildLiteBehavior [ RunTime:0.000000s ]
INFO: [ app_init ] --END-- [ RunTime:0.001000s ]
INFO: [ app_begin ] --START--
INFO: Run Behavior\ReadHtmlCacheBehavior [ RunTime:0.001000s ]
INFO: [ app_begin ] --END-- [ RunTime:0.001000s ]
INFO: [ view_parse ] --START--
INFO: [ template_filter ] --START--
INFO: Run Behavior\ContentReplaceBehavior [ RunTime:0.000000s ]
INFO: [ template_filter ] --END-- [ RunTime:0.000000s ]
INFO: Run Behavior\ParseTemplateBehavior [ RunTime:0.018000s ]
INFO: [ view_parse ] --END-- [ RunTime:0.018000s ]
INFO: [ view_filter ] --START--
INFO: Run Behavior\WriteHtmlCacheBehavior [ RunTime:0.001000s ]
INFO: [ view_filter ] --END-- [ RunTime:0.001000s ]
INFO: [ app_end ] --START--
INFO: Run Behavior\ShowPageTraceBehavior [ RunTime:0.001000s ]
INFO: [ app_end ] --END-- [ RunTime:0.001000s ]

[ 2017-08-14T15:20:02+08:00 ] ::1 /caiwu/index.php/home/index/top.html
INFO: [ app_init ] --START--
INFO: Run Behavior\BuildLiteBehavior [ RunTime:0.000000s ]
INFO: [ app_init ] --END-- [ RunTime:0.000000s ]
INFO: [ app_begin ] --START--
INFO: Run Behavior\ReadHtmlCacheBehavior [ RunTime:0.000000s ]
INFO: [ app_begin ] --END-- [ RunTime:0.000000s ]
INFO: [ view_parse ] --START--
INFO: [ template_filter ] --START--
INFO: Run Behavior\ContentReplaceBehavior [ RunTime:0.000000s ]
INFO: [ template_filter ] --END-- [ RunTime:0.000000s ]
INFO: Run Behavior\ParseTemplateBehavior [ RunTime:0.014000s ]
INFO: [ view_parse ] --END-- [ RunTime:0.014000s ]
INFO: [ view_filter ] --START--
INFO: Run Behavior\WriteHtmlCacheBehavior [ RunTime:0.000000s ]
INFO: [ view_filter ] --END-- [ RunTime:0.000000s ]
INFO: [ app_end ] --START--
INFO: Run Behavior\ShowPageTraceBehavior [ RunTime:0.001000s ]
INFO: [ app_end ] --END-- [ RunTime:0.001000s ]

[ 2017-08-14T15:20:03+08:00 ] ::1 /caiwu/index.php/home/index/left.html
INFO: [ app_init ] --START--
INFO: Run Behavior\BuildLiteBehavior [ RunTime:0.000000s ]
INFO: [ app_init ] --END-- [ RunTime:0.001000s ]
INFO: [ app_begin ] --START--
INFO: Run Behavior\ReadHtmlCacheBehavior [ RunTime:0.002000s ]
INFO: [ app_begin ] --END-- [ RunTime:0.002000s ]
INFO: [ view_parse ] --START--
INFO: [ template_filter ] --START--
INFO: Run Behavior\ContentReplaceBehavior [ RunTime:0.000000s ]
INFO: [ template_filter ] --END-- [ RunTime:0.000000s ]
INFO: Run Behavior\ParseTemplateBehavior [ RunTime:0.022000s ]
INFO: [ view_parse ] --END-- [ RunTime:0.022000s ]
INFO: [ view_filter ] --START--
INFO: Run Behavior\WriteHtmlCacheBehavior [ RunTime:0.001000s ]
INFO: [ view_filter ] --END-- [ RunTime:0.001000s ]
INFO: [ app_end ] --START--
INFO: Run Behavior\ShowPageTraceBehavior [ RunTime:0.000000s ]
INFO: [ app_end ] --END-- [ RunTime:0.000000s ]

[ 2017-08-14T15:20:03+08:00 ] ::1 /caiwu/index.php/home/index/index.html
INFO: [ app_init ] --START--
INFO: Run Behavior\BuildLiteBehavior [ RunTime:0.000000s ]
INFO: [ app_init ] --END-- [ RunTime:0.000000s ]
INFO: [ app_begin ] --START--
INFO: Run Behavior\ReadHtmlCacheBehavior [ RunTime:0.000000s ]
INFO: [ app_begin ] --END-- [ RunTime:0.000000s ]
INFO: [ view_parse ] --START--
INFO: [ template_filter ] --START--
INFO: Run Behavior\ContentReplaceBehavior [ RunTime:0.000000s ]
INFO: [ template_filter ] --END-- [ RunTime:0.000000s ]
INFO: Run Behavior\ParseTemplateBehavior [ RunTime:0.019000s ]
INFO: [ view_parse ] --END-- [ RunTime:0.019000s ]
INFO: [ view_filter ] --START--
INFO: Run Behavior\WriteHtmlCacheBehavior [ RunTime:0.000000s ]
INFO: [ view_filter ] --END-- [ RunTime:0.000000s ]
INFO: [ app_end ] --START--
INFO: Run Behavior\ShowPageTraceBehavior [ RunTime:0.001000s ]
INFO: [ app_end ] --END-- [ RunTime:0.001000s ]

[ 2017-08-14T15:20:13+08:00 ] ::1 /caiwu/index.php/home/index/right.html
INFO: [ app_init ] --START--
INFO: Run Behavior\BuildLiteBehavior [ RunTime:0.000000s ]
INFO: [ app_init ] --END-- [ RunTime:0.002000s ]
INFO: [ app_begin ] --START--
INFO: Run Behavior\ReadHtmlCacheBehavior [ RunTime:0.001000s ]
INFO: [ app_begin ] --END-- [ RunTime:0.001000s ]
SQL: SHOW COLUMNS FROM `fanwe_user` [ RunTime:0.0200s ]
SQL: SHOW COLUMNS FROM `fanwe_family` [ RunTime:0.0170s ]
SQL: SHOW COLUMNS FROM `fanwe_video_prop` [ RunTime:0.0180s ]
NOTIC: [8] Undefined index: type D:\phpStudy\WWW\caiwu\Application\Home\Controller\IndexController.class.php 第 233 行.
NOTIC: [8] Undefined index: search_name D:\phpStudy\WWW\caiwu\Application\Home\Controller\IndexController.class.php 第 240 行.
NOTIC: [8] Undefined index: st D:\phpStudy\WWW\caiwu\Application\Home\Controller\IndexController.class.php 第 240 行.
NOTIC: [8] Undefined index: et D:\phpStudy\WWW\caiwu\Application\Home\Controller\IndexController.class.php 第 240 行.
SQL: SELECT COUNT(*) AS tp_count FROM `fanwe_family` WHERE `status` = 1 LIMIT 1   [ RunTime:0.0170s ]
SQL: SELECT `id`,`name`,`user_id` FROM `fanwe_family` WHERE `status` = 1 ORDER BY id desc LIMIT 0,20   [ RunTime:0.0170s ]
SQL: select family_id, to_user_id ,SUM(total_ticket) as total_ticket
                      from fanwe_video_prop_201708
                      where create_time >= 1501516800 AND create_time < 1504195199 AND family_id = 244
                      GROUP BY family_id,to_user_id [ RunTime:0.0180s ]
SQL: SELECT `id`,`nick_name`,`mobile` FROM `fanwe_user` WHERE `id` = 61237904 LIMIT 1   [ RunTime:0.0170s ]
SQL: select family_id, to_user_id ,SUM(total_ticket) as total_ticket
                      from fanwe_video_prop_201708
                      where create_time >= 1501516800 AND create_time < 1504195199 AND family_id = 243
                      GROUP BY family_id,to_user_id [ RunTime:0.0170s ]
SQL: SELECT `id`,`nick_name`,`mobile` FROM `fanwe_user` WHERE `id` = 61263773 LIMIT 1   [ RunTime:0.0170s ]
SQL: select family_id, to_user_id ,SUM(total_ticket) as total_ticket
                      from fanwe_video_prop_201708
                      where create_time >= 1501516800 AND create_time < 1504195199 AND family_id = 242
                      GROUP BY family_id,to_user_id [ RunTime:0.0170s ]
SQL: SELECT `id`,`nick_name`,`mobile` FROM `fanwe_user` WHERE `id` = 61264032 LIMIT 1   [ RunTime:0.0170s ]
SQL: select family_id, to_user_id ,SUM(total_ticket) as total_ticket
                      from fanwe_video_prop_201708
                      where create_time >= 1501516800 AND create_time < 1504195199 AND family_id = 241
                      GROUP BY family_id,to_user_id [ RunTime:0.0170s ]
SQL: SELECT `id`,`nick_name`,`mobile` FROM `fanwe_user` WHERE `id` = 61263665 LIMIT 1   [ RunTime:0.0170s ]
SQL: select family_id, to_user_id ,SUM(total_ticket) as total_ticket
                      from fanwe_video_prop_201708
                      where create_time >= 1501516800 AND create_time < 1504195199 AND family_id = 240
                      GROUP BY family_id,to_user_id [ RunTime:0.0170s ]
SQL: SELECT `id`,`nick_name`,`mobile` FROM `fanwe_user` WHERE `id` = 61263511 LIMIT 1   [ RunTime:0.0170s ]
SQL: select family_id, to_user_id ,SUM(total_ticket) as total_ticket
                      from fanwe_video_prop_201708
                      where create_time >= 1501516800 AND create_time < 1504195199 AND family_id = 237
                      GROUP BY family_id,to_user_id [ RunTime:0.0190s ]
SQL: SELECT `id`,`nick_name`,`mobile` FROM `fanwe_user` WHERE `id` = 61262187 LIMIT 1   [ RunTime:0.0170s ]
SQL: select family_id, to_user_id ,SUM(total_ticket) as total_ticket
                      from fanwe_video_prop_201708
                      where create_time >= 1501516800 AND create_time < 1504195199 AND family_id = 234
                      GROUP BY family_id,to_user_id [ RunTime:0.0170s ]
SQL: SELECT `id`,`nick_name`,`mobile` FROM `fanwe_user` WHERE `id` = 61247075 LIMIT 1   [ RunTime:0.0170s ]
SQL: select family_id, to_user_id ,SUM(total_ticket) as total_ticket
                      from fanwe_video_prop_201708
                      where create_time >= 1501516800 AND create_time < 1504195199 AND family_id = 233
                      GROUP BY family_id,to_user_id [ RunTime:0.0170s ]
SQL: SELECT `id`,`nick_name`,`mobile` FROM `fanwe_user` WHERE `id` = 61262151 LIMIT 1   [ RunTime:0.0170s ]
SQL: select family_id, to_user_id ,SUM(total_ticket) as total_ticket
                      from fanwe_video_prop_201708
                      where create_time >= 1501516800 AND create_time < 1504195199 AND family_id = 232
                      GROUP BY family_id,to_user_id [ RunTime:0.0170s ]
SQL: SELECT `id`,`nick_name`,`mobile` FROM `fanwe_user` WHERE `id` = 61255154 LIMIT 1   [ RunTime:0.0170s ]
SQL: select family_id, to_user_id ,SUM(total_ticket) as total_ticket
                      from fanwe_video_prop_201708
                      where create_time >= 1501516800 AND create_time < 1504195199 AND family_id = 228
                      GROUP BY family_id,to_user_id [ RunTime:0.0170s ]
SQL: SELECT `id`,`nick_name`,`mobile` FROM `fanwe_user` WHERE `id` = 61261588 LIMIT 1   [ RunTime:0.0170s ]
SQL: select family_id, to_user_id ,SUM(total_ticket) as total_ticket
                      from fanwe_video_prop_201708
                      where create_time >= 1501516800 AND create_time < 1504195199 AND family_id = 227
                      GROUP BY family_id,to_user_id [ RunTime:0.0170s ]
SQL: SELECT `id`,`nick_name`,`mobile` FROM `fanwe_user` WHERE `id` = 61261582 LIMIT 1   [ RunTime:0.0170s ]
SQL: select family_id, to_user_id ,SUM(total_ticket) as total_ticket
                      from fanwe_video_prop_201708
                      where create_time >= 1501516800 AND create_time < 1504195199 AND family_id = 225
                      GROUP BY family_id,to_user_id [ RunTime:0.0170s ]
SQL: SELECT `id`,`nick_name`,`mobile` FROM `fanwe_user` WHERE `id` = 61261580 LIMIT 1   [ RunTime:0.0170s ]
SQL: select family_id, to_user_id ,SUM(total_ticket) as total_ticket
                      from fanwe_video_prop_201708
                      where create_time >= 1501516800 AND create_time < 1504195199 AND family_id = 223
                      GROUP BY family_id,to_user_id [ RunTime:0.0170s ]
SQL: SELECT `id`,`nick_name`,`mobile` FROM `fanwe_user` WHERE `id` = 61261399 LIMIT 1   [ RunTime:0.0170s ]
SQL: select family_id, to_user_id ,SUM(total_ticket) as total_ticket
                      from fanwe_video_prop_201708
                      where create_time >= 1501516800 AND create_time < 1504195199 AND family_id = 207
                      GROUP BY family_id,to_user_id [ RunTime:0.0170s ]
SQL: SELECT `id`,`nick_name`,`mobile` FROM `fanwe_user` WHERE `id` = 61234603 LIMIT 1   [ RunTime:0.0170s ]
SQL: select family_id, to_user_id ,SUM(total_ticket) as total_ticket
                      from fanwe_video_prop_201708
                      where create_time >= 1501516800 AND create_time < 1504195199 AND family_id = 204
                      GROUP BY family_id,to_user_id [ RunTime:0.0180s ]
SQL: SELECT `id`,`nick_name`,`mobile` FROM `fanwe_user` WHERE `id` = 61244736 LIMIT 1   [ RunTime:0.0170s ]
SQL: select family_id, to_user_id ,SUM(total_ticket) as total_ticket
                      from fanwe_video_prop_201708
                      where create_time >= 1501516800 AND create_time < 1504195199 AND family_id = 193
                      GROUP BY family_id,to_user_id [ RunTime:0.0190s ]
SQL: SELECT `id`,`nick_name`,`mobile` FROM `fanwe_user` WHERE `id` = 61243524 LIMIT 1   [ RunTime:0.0170s ]
SQL: select family_id, to_user_id ,SUM(total_ticket) as total_ticket
                      from fanwe_video_prop_201708
                      where create_time >= 1501516800 AND create_time < 1504195199 AND family_id = 191
                      GROUP BY family_id,to_user_id [ RunTime:0.0170s ]
SQL: SELECT `id`,`nick_name`,`mobile` FROM `fanwe_user` WHERE `id` = 61247181 LIMIT 1   [ RunTime:0.0170s ]
SQL: select family_id, to_user_id ,SUM(total_ticket) as total_ticket
                      from fanwe_video_prop_201708
                      where create_time >= 1501516800 AND create_time < 1504195199 AND family_id = 190
                      GROUP BY family_id,to_user_id [ RunTime:0.0170s ]
SQL: SELECT `id`,`nick_name`,`mobile` FROM `fanwe_user` WHERE `id` = 61247043 LIMIT 1   [ RunTime:0.0170s ]
SQL: select family_id, to_user_id ,SUM(total_ticket) as total_ticket
                      from fanwe_video_prop_201708
                      where create_time >= 1501516800 AND create_time < 1504195199 AND family_id = 188
                      GROUP BY family_id,to_user_id [ RunTime:0.0170s ]
SQL: SELECT `id`,`nick_name`,`mobile` FROM `fanwe_user` WHERE `id` = 61246205 LIMIT 1   [ RunTime:0.0170s ]
SQL: select family_id, to_user_id ,SUM(total_ticket) as total_ticket
                      from fanwe_video_prop_201708
                      where create_time >= 1501516800 AND create_time < 1504195199 AND family_id = 187
                      GROUP BY family_id,to_user_id [ RunTime:0.0170s ]
SQL: SELECT `id`,`nick_name`,`mobile` FROM `fanwe_user` WHERE `id` = 61246004 LIMIT 1   [ RunTime:0.0170s ]
INFO: [ view_parse ] --START--
INFO: [ template_filter ] --START--
INFO: Run Behavior\ContentReplaceBehavior [ RunTime:0.000000s ]
INFO: [ template_filter ] --END-- [ RunTime:0.000000s ]
INFO: Run Behavior\ParseTemplateBehavior [ RunTime:0.042000s ]
INFO: [ view_parse ] --END-- [ RunTime:0.042000s ]
INFO: [ view_filter ] --START--
INFO: Run Behavior\WriteHtmlCacheBehavior [ RunTime:0.002000s ]
INFO: [ view_filter ] --END-- [ RunTime:0.002000s ]
INFO: [ app_end ] --START--
INFO: Run Behavior\ShowPageTraceBehavior [ RunTime:0.003000s ]
INFO: [ app_end ] --END-- [ RunTime:0.003000s ]

[ 2017-08-14T15:27:04+08:00 ] ::1 /caiwu/index.php/home/index/main.html
INFO: [ app_init ] --START--
INFO: Run Behavior\BuildLiteBehavior [ RunTime:0.000000s ]
INFO: [ app_init ] --END-- [ RunTime:0.001000s ]
INFO: [ app_begin ] --START--
INFO: Run Behavior\ReadHtmlCacheBehavior [ RunTime:0.000000s ]
INFO: [ app_begin ] --END-- [ RunTime:0.000000s ]
INFO: [ view_parse ] --START--
INFO: [ template_filter ] --START--
INFO: Run Behavior\ContentReplaceBehavior [ RunTime:0.000000s ]
INFO: [ template_filter ] --END-- [ RunTime:0.000000s ]
INFO: Run Behavior\ParseTemplateBehavior [ RunTime:0.010000s ]
INFO: [ view_parse ] --END-- [ RunTime:0.010000s ]
INFO: [ view_filter ] --START--
INFO: Run Behavior\WriteHtmlCacheBehavior [ RunTime:0.000000s ]
INFO: [ view_filter ] --END-- [ RunTime:0.000000s ]
INFO: [ app_end ] --START--
INFO: Run Behavior\ShowPageTraceBehavior [ RunTime:0.001000s ]
INFO: [ app_end ] --END-- [ RunTime:0.001000s ]

[ 2017-08-14T15:27:04+08:00 ] ::1 /caiwu/index.php/home/index/top.html
INFO: [ app_init ] --START--
INFO: Run Behavior\BuildLiteBehavior [ RunTime:0.000000s ]
INFO: [ app_init ] --END-- [ RunTime:0.000000s ]
INFO: [ app_begin ] --START--
INFO: Run Behavior\ReadHtmlCacheBehavior [ RunTime:0.001000s ]
INFO: [ app_begin ] --END-- [ RunTime:0.001000s ]
INFO: [ view_parse ] --START--
INFO: [ template_filter ] --START--
INFO: Run Behavior\ContentReplaceBehavior [ RunTime:0.000000s ]
INFO: [ template_filter ] --END-- [ RunTime:0.000000s ]
INFO: Run Behavior\ParseTemplateBehavior [ RunTime:0.004000s ]
INFO: [ view_parse ] --END-- [ RunTime:0.004000s ]
INFO: [ view_filter ] --START--
INFO: Run Behavior\WriteHtmlCacheBehavior [ RunTime:0.000000s ]
INFO: [ view_filter ] --END-- [ RunTime:0.000000s ]
INFO: [ app_end ] --START--
INFO: Run Behavior\ShowPageTraceBehavior [ RunTime:0.000000s ]
INFO: [ app_end ] --END-- [ RunTime:0.000000s ]

[ 2017-08-14T15:27:05+08:00 ] ::1 /caiwu/index.php/home/index/left.html
INFO: [ app_init ] --START--
INFO: Run Behavior\BuildLiteBehavior [ RunTime:0.000000s ]
INFO: [ app_init ] --END-- [ RunTime:0.001000s ]
INFO: [ app_begin ] --START--
INFO: Run Behavior\ReadHtmlCacheBehavior [ RunTime:0.001000s ]
INFO: [ app_begin ] --END-- [ RunTime:0.001000s ]
INFO: [ view_parse ] --START--
INFO: [ template_filter ] --START--
INFO: Run Behavior\ContentReplaceBehavior [ RunTime:0.000000s ]
INFO: [ template_filter ] --END-- [ RunTime:0.000000s ]
INFO: Run Behavior\ParseTemplateBehavior [ RunTime:0.006000s ]
INFO: [ view_parse ] --END-- [ RunTime:0.006000s ]
INFO: [ view_filter ] --START--
INFO: Run Behavior\WriteHtmlCacheBehavior [ RunTime:0.000000s ]
INFO: [ view_filter ] --END-- [ RunTime:0.000000s ]
INFO: [ app_end ] --START--
INFO: Run Behavior\ShowPageTraceBehavior [ RunTime:0.000000s ]
INFO: [ app_end ] --END-- [ RunTime:0.000000s ]

[ 2017-08-14T15:27:05+08:00 ] ::1 /caiwu/index.php/home/index/index.html
INFO: [ app_init ] --START--
INFO: Run Behavior\BuildLiteBehavior [ RunTime:0.000000s ]
INFO: [ app_init ] --END-- [ RunTime:0.000000s ]
INFO: [ app_begin ] --START--
INFO: Run Behavior\ReadHtmlCacheBehavior [ RunTime:0.000000s ]
INFO: [ app_begin ] --END-- [ RunTime:0.000000s ]
INFO: [ view_parse ] --START--
INFO: [ template_filter ] --START--
INFO: Run Behavior\ContentReplaceBehavior [ RunTime:0.000000s ]
INFO: [ template_filter ] --END-- [ RunTime:0.000000s ]
INFO: Run Behavior\ParseTemplateBehavior [ RunTime:0.009000s ]
INFO: [ view_parse ] --END-- [ RunTime:0.009000s ]
INFO: [ view_filter ] --START--
INFO: Run Behavior\WriteHtmlCacheBehavior [ RunTime:0.000000s ]
INFO: [ view_filter ] --END-- [ RunTime:0.000000s ]
INFO: [ app_end ] --START--
INFO: Run Behavior\ShowPageTraceBehavior [ RunTime:0.000000s ]
INFO: [ app_end ] --END-- [ RunTime:0.000000s ]

[ 2017-08-14T15:27:49+08:00 ] ::1 /caiwu/index.php/Home/Index/imgtable.html
INFO: [ app_init ] --START--
INFO: Run Behavior\BuildLiteBehavior [ RunTime:0.000000s ]
INFO: [ app_init ] --END-- [ RunTime:0.000000s ]
INFO: [ app_begin ] --START--
INFO: Run Behavior\ReadHtmlCacheBehavior [ RunTime:0.001000s ]
INFO: [ app_begin ] --END-- [ RunTime:0.001000s ]
INFO: [ view_parse ] --START--
INFO: [ template_filter ] --START--
INFO: Run Behavior\ContentReplaceBehavior [ RunTime:0.001000s ]
INFO: [ template_filter ] --END-- [ RunTime:0.001000s ]
INFO: Run Behavior\ParseTemplateBehavior [ RunTime:0.026000s ]
INFO: [ view_parse ] --END-- [ RunTime:0.026000s ]
INFO: [ view_filter ] --START--
INFO: Run Behavior\WriteHtmlCacheBehavior [ RunTime:0.000000s ]
INFO: [ view_filter ] --END-- [ RunTime:0.000000s ]
INFO: [ app_end ] --START--
INFO: Run Behavior\ShowPageTraceBehavior [ RunTime:0.001000s ]
INFO: [ app_end ] --END-- [ RunTime:0.001000s ]

[ 2017-08-14T15:29:25+08:00 ] ::1 /caiwu/index.php/home/index/account_list.html
INFO: [ app_init ] --START--
INFO: Run Behavior\BuildLiteBehavior [ RunTime:0.000000s ]
INFO: [ app_init ] --END-- [ RunTime:0.000000s ]
INFO: [ app_begin ] --START--
INFO: Run Behavior\ReadHtmlCacheBehavior [ RunTime:0.000000s ]
INFO: [ app_begin ] --END-- [ RunTime:0.000000s ]
NOTIC: [8] Undefined index: type D:\phpStudy\WWW\caiwu\Application\Home\Controller\IndexController.class.php 第 908 行.
NOTIC: [8] Undefined variable: last_month_sixteen_time D:\phpStudy\WWW\caiwu\Application\Home\Controller\IndexController.class.php 第 954 行.
NOTIC: [8] Undefined variable: last_month_end_time D:\phpStudy\WWW\caiwu\Application\Home\Controller\IndexController.class.php 第 954 行.
SQL: SHOW COLUMNS FROM `fanwe_family_settlement_history` [ RunTime:0.0230s ]
SQL: SELECT COUNT(*) AS tp_count FROM `fanwe_family_settlement_history` WHERE `expect_date` = '2017-08-01' LIMIT 1   [ RunTime:0.0240s ]
SQL: SELECT * FROM `fanwe_family_settlement_history` WHERE `expect_date` = '2017-08-01' ORDER BY id desc LIMIT 0,20   [ RunTime:0.0240s ]
INFO: [ view_parse ] --START--
INFO: [ template_filter ] --START--
INFO: Run Behavior\ContentReplaceBehavior [ RunTime:0.000000s ]
INFO: [ template_filter ] --END-- [ RunTime:0.001000s ]
INFO: Run Behavior\ParseTemplateBehavior [ RunTime:0.036000s ]
INFO: [ view_parse ] --END-- [ RunTime:0.037000s ]
INFO: [ view_filter ] --START--
INFO: Run Behavior\WriteHtmlCacheBehavior [ RunTime:0.000000s ]
INFO: [ view_filter ] --END-- [ RunTime:0.000000s ]
INFO: [ app_end ] --START--
INFO: Run Behavior\ShowPageTraceBehavior [ RunTime:0.001000s ]
INFO: [ app_end ] --END-- [ RunTime:0.001000s ]

[ 2017-08-14T15:29:40+08:00 ] ::1 /caiwu/index.php/home/index/computer.html
INFO: [ app_init ] --START--
INFO: Run Behavior\BuildLiteBehavior [ RunTime:0.000000s ]
INFO: [ app_init ] --END-- [ RunTime:0.001000s ]
INFO: [ app_begin ] --START--
INFO: Run Behavior\ReadHtmlCacheBehavior [ RunTime:0.001000s ]
INFO: [ app_begin ] --END-- [ RunTime:0.001000s ]
INFO: [ view_parse ] --START--
INFO: [ template_filter ] --START--
INFO: Run Behavior\ContentReplaceBehavior [ RunTime:0.000000s ]
INFO: [ template_filter ] --END-- [ RunTime:0.000000s ]
INFO: Run Behavior\ParseTemplateBehavior [ RunTime:0.007000s ]
INFO: [ view_parse ] --END-- [ RunTime:0.007000s ]
INFO: [ view_filter ] --START--
INFO: Run Behavior\WriteHtmlCacheBehavior [ RunTime:0.001000s ]
INFO: [ view_filter ] --END-- [ RunTime:0.001000s ]
INFO: [ app_end ] --START--
INFO: Run Behavior\ShowPageTraceBehavior [ RunTime:0.000000s ]
INFO: [ app_end ] --END-- [ RunTime:0.000000s ]

[ 2017-08-14T15:30:17+08:00 ] ::1 /caiwu/index.php/Home/Index/user_record.html?id=61262677&status_time=&end_time=86399
INFO: [ app_init ] --START--
INFO: Run Behavior\BuildLiteBehavior [ RunTime:0.000000s ]
INFO: [ app_init ] --END-- [ RunTime:0.001000s ]
INFO: [ app_begin ] --START--
INFO: Run Behavior\ReadHtmlCacheBehavior [ RunTime:0.000000s ]
INFO: [ app_begin ] --END-- [ RunTime:0.000000s ]
SQL: SHOW COLUMNS FROM `fanwe_user` [ RunTime:0.0240s ]
SQL: SHOW COLUMNS FROM `fanwe_family` [ RunTime:0.0220s ]
SQL: SHOW COLUMNS FROM `fanwe_video_prop` [ RunTime:0.0220s ]
SQL: SHOW COLUMNS FROM `fanwe_video_history` [ RunTime:0.0230s ]
NOTIC: [8] Undefined index: search_name D:\phpStudy\WWW\caiwu\Application\Home\Controller\IndexController.class.php 第 814 行.
NOTIC: [8] Undefined index: st D:\phpStudy\WWW\caiwu\Application\Home\Controller\IndexController.class.php 第 814 行.
NOTIC: [8] Undefined index: et D:\phpStudy\WWW\caiwu\Application\Home\Controller\IndexController.class.php 第 814 行.
NOTIC: [2] date() expects parameter 2 to be long, string given D:\phpStudy\WWW\caiwu\Application\Home\Controller\IndexController.class.php 第 820 行.
SQL: SELECT `id`,`nick_name`,`mobile`,`family_id` FROM `fanwe_user` WHERE `id` = 61262677 LIMIT 1   [ RunTime:0.0220s ]
SQL: SHOW COLUMNS FROM `fanwe_video_prop` [ RunTime:0.0220s ]
SQL: SELECT * FROM `fanwe_video_prop` WHERE ( 1=1 AND to_user_id='61262677' )  [ RunTime:0.0220s ]
SQL: SELECT * FROM `fanwe_family` WHERE `id` = 223 LIMIT 1   [ RunTime:0.0220s ]
SQL: SHOW COLUMNS FROM `fanwe_video_prop_201708` [ RunTime:0.0220s ]
SQL: SELECT SUM(total_ticket) AS tp_sum FROM `fanwe_video_prop_201708` WHERE `to_user_id` = 61262677 LIMIT 1   [ RunTime:0.0290s ]
SQL: SHOW COLUMNS FROM `fanwe_video_history` [ RunTime:0.0230s ]
NOTIC: [2] date() expects parameter 2 to be long, string given D:\phpStudy\WWW\caiwu\Application\Home\Controller\IndexController.class.php 第 1289 行.
SQL: SELECT * FROM `fanwe_video_history` WHERE `user_id` = 61262677 AND `create_time` BETWEEN '1501516800' AND '1501603199'  [ RunTime:0.0230s ]
NOTIC: [8] Undefined offset: 0 D:\phpStudy\WWW\caiwu\Application\Home\Controller\IndexController.class.php 第 1383 行.
SQL: SHOW COLUMNS FROM `fanwe_video_prop_201708` [ RunTime:0.0230s ]
SQL: SELECT `id`,`num`,`total_ticket`,`to_user_id` FROM `fanwe_video_prop_201708` WHERE `to_user_id` = 61262677 AND `create_time` BETWEEN '1501516800' AND '1501603199'  [ RunTime:0.0270s ]
SQL: SELECT * FROM `fanwe_video_history` WHERE `user_id` = 61262677 AND `create_time` BETWEEN '1501603200' AND '1501689599'  [ RunTime:0.0230s ]
NOTIC: [8] Undefined offset: 0 D:\phpStudy\WWW\caiwu\Application\Home\Controller\IndexController.class.php 第 1383 行.
SQL: SHOW COLUMNS FROM `fanwe_video_prop_201708` [ RunTime:0.0220s ]
SQL: SELECT `id`,`num`,`total_ticket`,`to_user_id` FROM `fanwe_video_prop_201708` WHERE `to_user_id` = 61262677 AND `create_time` BETWEEN '1501603200' AND '1501689599'  [ RunTime:0.0250s ]
SQL: SELECT * FROM `fanwe_video_history` WHERE `user_id` = 61262677 AND `create_time` BETWEEN '1501689600' AND '1501775999'  [ RunTime:0.0220s ]
NOTIC: [8] Undefined offset: 0 D:\phpStudy\WWW\caiwu\Application\Home\Controller\IndexController.class.php 第 1383 行.
SQL: SHOW COLUMNS FROM `fanwe_video_prop_201708` [ RunTime:0.0220s ]
SQL: SELECT `id`,`num`,`total_ticket`,`to_user_id` FROM `fanwe_video_prop_201708` WHERE `to_user_id` = 61262677 AND `create_time` BETWEEN '1501689600' AND '1501775999'  [ RunTime:0.0250s ]
SQL: SELECT * FROM `fanwe_video_history` WHERE `user_id` = 61262677 AND `create_time` BETWEEN '1501776000' AND '1501862399'  [ RunTime:0.0230s ]
NOTIC: [8] Undefined offset: 0 D:\phpStudy\WWW\caiwu\Application\Home\Controller\IndexController.class.php 第 1383 行.
SQL: SHOW COLUMNS FROM `fanwe_video_prop_201708` [ RunTime:0.0220s ]
SQL: SELECT `id`,`num`,`total_ticket`,`to_user_id` FROM `fanwe_video_prop_201708` WHERE `to_user_id` = 61262677 AND `create_time` BETWEEN '1501776000' AND '1501862399'  [ RunTime:0.0250s ]
SQL: SELECT * FROM `fanwe_video_history` WHERE `user_id` = 61262677 AND `create_time` BETWEEN '1501862400' AND '1501948799'  [ RunTime:0.0230s ]
NOTIC: [8] Undefined offset: 0 D:\phpStudy\WWW\caiwu\Application\Home\Controller\IndexController.class.php 第 1383 行.
SQL: SHOW COLUMNS FROM `fanwe_video_prop_201708` [ RunTime:0.0220s ]
SQL: SELECT `id`,`num`,`total_ticket`,`to_user_id` FROM `fanwe_video_prop_201708` WHERE `to_user_id` = 61262677 AND `create_time` BETWEEN '1501862400' AND '1501948799'  [ RunTime:0.0240s ]
SQL: SELECT * FROM `fanwe_video_history` WHERE `user_id` = 61262677 AND `create_time` BETWEEN '1501948800' AND '1502035199'  [ RunTime:0.0230s ]
NOTIC: [8] Undefined offset: 0 D:\phpStudy\WWW\caiwu\Application\Home\Controller\IndexController.class.php 第 1383 行.
SQL: SHOW COLUMNS FROM `fanwe_video_prop_201708` [ RunTime:0.0220s ]
SQL: SELECT `id`,`num`,`total_ticket`,`to_user_id` FROM `fanwe_video_prop_201708` WHERE `to_user_id` = 61262677 AND `create_time` BETWEEN '1501948800' AND '1502035199'  [ RunTime:0.0250s ]
SQL: SELECT * FROM `fanwe_video_history` WHERE `user_id` = 61262677 AND `create_time` BETWEEN '1502035200' AND '1502121599'  [ RunTime:0.0240s ]
NOTIC: [8] Undefined offset: 0 D:\phpStudy\WWW\caiwu\Application\Home\Controller\IndexController.class.php 第 1383 行.
SQL: SHOW COLUMNS FROM `fanwe_video_prop_201708` [ RunTime:0.0220s ]
SQL: SELECT `id`,`num`,`total_ticket`,`to_user_id` FROM `fanwe_video_prop_201708` WHERE `to_user_id` = 61262677 AND `create_time` BETWEEN '1502035200' AND '1502121599'  [ RunTime:0.0260s ]
SQL: SELECT * FROM `fanwe_video_history` WHERE `user_id` = 61262677 AND `create_time` BETWEEN '1502121600' AND '1502207999'  [ RunTime:0.0230s ]
NOTIC: [8] Undefined offset: 0 D:\phpStudy\WWW\caiwu\Application\Home\Controller\IndexController.class.php 第 1383 行.
SQL: SHOW COLUMNS FROM `fanwe_video_prop_201708` [ RunTime:0.0240s ]
SQL: SELECT `id`,`num`,`total_ticket`,`to_user_id` FROM `fanwe_video_prop_201708` WHERE `to_user_id` = 61262677 AND `create_time` BETWEEN '1502121600' AND '1502207999'  [ RunTime:0.0240s ]
SQL: SELECT * FROM `fanwe_video_history` WHERE `user_id` = 61262677 AND `create_time` BETWEEN '1502208000' AND '1502294399'  [ RunTime:0.0230s ]
NOTIC: [8] Undefined offset: 0 D:\phpStudy\WWW\caiwu\Application\Home\Controller\IndexController.class.php 第 1383 行.
SQL: SHOW COLUMNS FROM `fanwe_video_prop_201708` [ RunTime:0.0240s ]
SQL: SELECT `id`,`num`,`total_ticket`,`to_user_id` FROM `fanwe_video_prop_201708` WHERE `to_user_id` = 61262677 AND `create_time` BETWEEN '1502208000' AND '1502294399'  [ RunTime:0.0310s ]
SQL: SELECT * FROM `fanwe_video_history` WHERE `user_id` = 61262677 AND `create_time` BETWEEN '1502294400' AND '1502380799'  [ RunTime:0.0240s ]
NOTIC: [8] Undefined offset: 0 D:\phpStudy\WWW\caiwu\Application\Home\Controller\IndexController.class.php 第 1383 行.
SQL: SHOW COLUMNS FROM `fanwe_video_prop_201708` [ RunTime:0.0250s ]
SQL: SELECT `id`,`num`,`total_ticket`,`to_user_id` FROM `fanwe_video_prop_201708` WHERE `to_user_id` = 61262677 AND `create_time` BETWEEN '1502294400' AND '1502380799'  [ RunTime:0.0250s ]
SQL: SELECT * FROM `fanwe_video_history` WHERE `user_id` = 61262677 AND `create_time` BETWEEN '1502380800' AND '1502467199'  [ RunTime:0.0290s ]
NOTIC: [8] Undefined offset: 0 D:\phpStudy\WWW\caiwu\Application\Home\Controller\IndexController.class.php 第 1383 行.
SQL: SHOW COLUMNS FROM `fanwe_video_prop_201708` [ RunTime:0.0240s ]
SQL: SELECT `id`,`num`,`total_ticket`,`to_user_id` FROM `fanwe_video_prop_201708` WHERE `to_user_id` = 61262677 AND `create_time` BETWEEN '1502380800' AND '1502467199'  [ RunTime:0.0270s ]
SQL: SELECT * FROM `fanwe_video_history` WHERE `user_id` = 61262677 AND `create_time` BETWEEN '1502467200' AND '1502553599'  [ RunTime:0.0230s ]
NOTIC: [8] Undefined offset: 0 D:\phpStudy\WWW\caiwu\Application\Home\Controller\IndexController.class.php 第 1383 行.
SQL: SHOW COLUMNS FROM `fanwe_video_prop_201708` [ RunTime:0.0220s ]
SQL: SELECT `id`,`num`,`total_ticket`,`to_user_id` FROM `fanwe_video_prop_201708` WHERE `to_user_id` = 61262677 AND `create_time` BETWEEN '1502467200' AND '1502553599'  [ RunTime:0.0250s ]
SQL: SELECT * FROM `fanwe_video_history` WHERE `user_id` = 61262677 AND `create_time` BETWEEN '1502553600' AND '1502639999'  [ RunTime:0.0230s ]
NOTIC: [8] Undefined offset: 0 D:\phpStudy\WWW\caiwu\Application\Home\Controller\IndexController.class.php 第 1383 行.
SQL: SHOW COLUMNS FROM `fanwe_video_prop_201708` [ RunTime:0.0240s ]
SQL: SELECT `id`,`num`,`total_ticket`,`to_user_id` FROM `fanwe_video_prop_201708` WHERE `to_user_id` = 61262677 AND `create_time` BETWEEN '1502553600' AND '1502639999'  [ RunTime:0.0280s ]
SQL: SELECT * FROM `fanwe_video_history` WHERE `user_id` = 61262677 AND `create_time` BETWEEN '1502640000' AND '1502726399'  [ RunTime:0.0230s ]
NOTIC: [8] Undefined offset: 0 D:\phpStudy\WWW\caiwu\Application\Home\Controller\IndexController.class.php 第 1383 行.
SQL: SHOW COLUMNS FROM `fanwe_video_prop_201708` [ RunTime:0.0230s ]
SQL: SELECT `id`,`num`,`total_ticket`,`to_user_id` FROM `fanwe_video_prop_201708` WHERE `to_user_id` = 61262677 AND `create_time` BETWEEN '1502640000' AND '1502726399'  [ RunTime:0.0250s ]
SQL: SELECT * FROM `fanwe_video_history` WHERE `user_id` = 61262677 AND `create_time` BETWEEN '1501516800' AND '1501603199'  [ RunTime:0.0280s ]
NOTIC: [8] Undefined offset: 0 D:\phpStudy\WWW\caiwu\Application\Home\Controller\IndexController.class.php 第 1238 行.
NOTIC: [8] Undefined variable: time_long_num D:\phpStudy\WWW\caiwu\Application\Home\Controller\IndexController.class.php 第 1258 行.
SQL: SELECT * FROM `fanwe_video_history` WHERE `user_id` = 61262677 AND `create_time` BETWEEN '1501603200' AND '1501689599'  [ RunTime:0.0280s ]
NOTIC: [8] Undefined offset: 0 D:\phpStudy\WWW\caiwu\Application\Home\Controller\IndexController.class.php 第 1238 行.
SQL: SELECT * FROM `fanwe_video_history` WHERE `user_id` = 61262677 AND `create_time` BETWEEN '1501689600' AND '1501775999'  [ RunTime:0.0280s ]
NOTIC: [8] Undefined offset: 0 D:\phpStudy\WWW\caiwu\Application\Home\Controller\IndexController.class.php 第 1238 行.
SQL: SELECT * FROM `fanwe_video_history` WHERE `user_id` = 61262677 AND `create_time` BETWEEN '1501776000' AND '1501862399'  [ RunTime:0.0230s ]
NOTIC: [8] Undefined offset: 0 D:\phpStudy\WWW\caiwu\Application\Home\Controller\IndexController.class.php 第 1238 行.
SQL: SELECT * FROM `fanwe_video_history` WHERE `user_id` = 61262677 AND `create_time` BETWEEN '1501862400' AND '1501948799'  [ RunTime:0.0290s ]
NOTIC: [8] Undefined offset: 0 D:\phpStudy\WWW\caiwu\Application\Home\Controller\IndexController.class.php 第 1238 行.
SQL: SELECT * FROM `fanwe_video_history` WHERE `user_id` = 61262677 AND `create_time` BETWEEN '1501948800' AND '1502035199'  [ RunTime:0.0240s ]
NOTIC: [8] Undefined offset: 0 D:\phpStudy\WWW\caiwu\Application\Home\Controller\IndexController.class.php 第 1238 行.
SQL: SELECT * FROM `fanwe_video_history` WHERE `user_id` = 61262677 AND `create_time` BETWEEN '1502035200' AND '1502121599'  [ RunTime:0.0230s ]
NOTIC: [8] Undefined offset: 0 D:\phpStudy\WWW\caiwu\Application\Home\Controller\IndexController.class.php 第 1238 行.
SQL: SELECT * FROM `fanwe_video_history` WHERE `user_id` = 61262677 AND `create_time` BETWEEN '1502121600' AND '1502207999'  [ RunTime:0.0220s ]
NOTIC: [8] Undefined offset: 0 D:\phpStudy\WWW\caiwu\Application\Home\Controller\IndexController.class.php 第 1238 行.
SQL: SELECT * FROM `fanwe_video_history` WHERE `user_id` = 61262677 AND `create_time` BETWEEN '1502208000' AND '1502294399'  [ RunTime:0.0230s ]
NOTIC: [8] Undefined offset: 0 D:\phpStudy\WWW\caiwu\Application\Home\Controller\IndexController.class.php 第 1238 行.
SQL: SELECT * FROM `fanwe_video_history` WHERE `user_id` = 61262677 AND `create_time` BETWEEN '1502294400' AND '1502380799'  [ RunTime:0.0230s ]
NOTIC: [8] Undefined offset: 0 D:\phpStudy\WWW\caiwu\Application\Home\Controller\IndexController.class.php 第 1238 行.
SQL: SELECT * FROM `fanwe_video_history` WHERE `user_id` = 61262677 AND `create_time` BETWEEN '1502380800' AND '1502467199'  [ RunTime:0.0230s ]
NOTIC: [8] Undefined offset: 0 D:\phpStudy\WWW\caiwu\Application\Home\Controller\IndexController.class.php 第 1238 行.
SQL: SELECT * FROM `fanwe_video_history` WHERE `user_id` = 61262677 AND `create_time` BETWEEN '1502467200' AND '1502553599'  [ RunTime:0.0240s ]
NOTIC: [8] Undefined offset: 0 D:\phpStudy\WWW\caiwu\Application\Home\Controller\IndexController.class.php 第 1238 行.
SQL: SELECT * FROM `fanwe_video_history` WHERE `user_id` = 61262677 AND `create_time` BETWEEN '1502553600' AND '1502639999'  [ RunTime:0.0230s ]
NOTIC: [8] Undefined offset: 0 D:\phpStudy\WWW\caiwu\Application\Home\Controller\IndexController.class.php 第 1238 行.
SQL: SELECT * FROM `fanwe_video_history` WHERE `user_id` = 61262677 AND `create_time` BETWEEN '1502640000' AND '1502726399'  [ RunTime:0.0290s ]
NOTIC: [8] Undefined offset: 0 D:\phpStudy\WWW\caiwu\Application\Home\Controller\IndexController.class.php 第 1238 行.
SQL: SELECT * FROM `fanwe_video_history` WHERE `user_id` = 61262677 AND `create_time` BETWEEN '1502726400' AND '1502812799'  [ RunTime:0.0230s ]
NOTIC: [8] Undefined offset: 0 D:\phpStudy\WWW\caiwu\Application\Home\Controller\IndexController.class.php 第 1238 行.
SQL: SELECT * FROM `fanwe_video_history` WHERE `user_id` = 61262677 AND `create_time` BETWEEN '1502812800' AND '1502899199'  [ RunTime:0.0230s ]
NOTIC: [8] Undefined offset: 0 D:\phpStudy\WWW\caiwu\Application\Home\Controller\IndexController.class.php 第 1238 行.
SQL: SELECT * FROM `fanwe_video_history` WHERE `user_id` = 61262677 AND `create_time` BETWEEN '1502899200' AND '1502985599'  [ RunTime:0.0230s ]
NOTIC: [8] Undefined offset: 0 D:\phpStudy\WWW\caiwu\Application\Home\Controller\IndexController.class.php 第 1238 行.
SQL: SELECT * FROM `fanwe_video_history` WHERE `user_id` = 61262677 AND `create_time` BETWEEN '1502985600' AND '1503071999'  [ RunTime:0.0230s ]
NOTIC: [8] Undefined offset: 0 D:\phpStudy\WWW\caiwu\Application\Home\Controller\IndexController.class.php 第 1238 行.
SQL: SELECT * FROM `fanwe_video_history` WHERE `user_id` = 61262677 AND `create_time` BETWEEN '1503072000' AND '1503158399'  [ RunTime:0.0230s ]
NOTIC: [8] Undefined offset: 0 D:\phpStudy\WWW\caiwu\Application\Home\Controller\IndexController.class.php 第 1238 行.
SQL: SELECT * FROM `fanwe_video_history` WHERE `user_id` = 61262677 AND `create_time` BETWEEN '1503158400' AND '1503244799'  [ RunTime:0.0230s ]
NOTIC: [8] Undefined offset: 0 D:\phpStudy\WWW\caiwu\Application\Home\Controller\IndexController.class.php 第 1238 行.
SQL: SELECT * FROM `fanwe_video_history` WHERE `user_id` = 61262677 AND `create_time` BETWEEN '1503244800' AND '1503331199'  [ RunTime:0.0220s ]
NOTIC: [8] Undefined offset: 0 D:\phpStudy\WWW\caiwu\Application\Home\Controller\IndexController.class.php 第 1238 行.
SQL: SELECT * FROM `fanwe_video_history` WHERE `user_id` = 61262677 AND `create_time` BETWEEN '1503331200' AND '1503417599'  [ RunTime:0.0230s ]
NOTIC: [8] Undefined offset: 0 D:\phpStudy\WWW\caiwu\Application\Home\Controller\IndexController.class.php 第 1238 行.
SQL: SELECT * FROM `fanwe_video_history` WHERE `user_id` = 61262677 AND `create_time` BETWEEN '1503417600' AND '1503503999'  [ RunTime:0.0230s ]
NOTIC: [8] Undefined offset: 0 D:\phpStudy\WWW\caiwu\Application\Home\Controller\IndexController.class.php 第 1238 行.
SQL: SELECT * FROM `fanwe_video_history` WHERE `user_id` = 61262677 AND `create_time` BETWEEN '1503504000' AND '1503590399'  [ RunTime:0.0230s ]
NOTIC: [8] Undefined offset: 0 D:\phpStudy\WWW\caiwu\Application\Home\Controller\IndexController.class.php 第 1238 行.
SQL: SELECT * FROM `fanwe_video_history` WHERE `user_id` = 61262677 AND `create_time` BETWEEN '1503590400' AND '1503676799'  [ RunTime:0.0230s ]
NOTIC: [8] Undefined offset: 0 D:\phpStudy\WWW\caiwu\Application\Home\Controller\IndexController.class.php 第 1238 行.
SQL: SELECT * FROM `fanwe_video_history` WHERE `user_id` = 61262677 AND `create_time` BETWEEN '1503676800' AND '1503763199'  [ RunTime:0.0230s ]
NOTIC: [8] Undefined offset: 0 D:\phpStudy\WWW\caiwu\Application\Home\Controller\IndexController.class.php 第 1238 行.
SQL: SELECT * FROM `fanwe_video_history` WHERE `user_id` = 61262677 AND `create_time` BETWEEN '1503763200' AND '1503849599'  [ RunTime:0.0230s ]
NOTIC: [8] Undefined offset: 0 D:\phpStudy\WWW\caiwu\Application\Home\Controller\IndexController.class.php 第 1238 行.
SQL: SELECT * FROM `fanwe_video_history` WHERE `user_id` = 61262677 AND `create_time` BETWEEN '1503849600' AND '1503935999'  [ RunTime:0.0230s ]
NOTIC: [8] Undefined offset: 0 D:\phpStudy\WWW\caiwu\Application\Home\Controller\IndexController.class.php 第 1238 行.
SQL: SELECT * FROM `fanwe_video_history` WHERE `user_id` = 61262677 AND `create_time` BETWEEN '1503936000' AND '1504022399'  [ RunTime:0.0230s ]
NOTIC: [8] Undefined offset: 0 D:\phpStudy\WWW\caiwu\Application\Home\Controller\IndexController.class.php 第 1238 行.
SQL: SELECT * FROM `fanwe_video_history` WHERE `user_id` = 61262677 AND `create_time` BETWEEN '1504022400' AND '1504108799'  [ RunTime:0.0230s ]
NOTIC: [8] Undefined offset: 0 D:\phpStudy\WWW\caiwu\Application\Home\Controller\IndexController.class.php 第 1238 行.
SQL: SELECT * FROM `fanwe_video_history` WHERE `user_id` = 61262677 AND `create_time` BETWEEN '1504108800' AND '1504195199'  [ RunTime:0.0230s ]
NOTIC: [8] Undefined offset: 0 D:\phpStudy\WWW\caiwu\Application\Home\Controller\IndexController.class.php 第 1238 行.
SQL: SELECT * FROM `fanwe_video_history` WHERE `user_id` = 61262677 AND `create_time` BETWEEN '1504195200' AND '1504281599'  [ RunTime:0.0230s ]
NOTIC: [8] Undefined offset: 0 D:\phpStudy\WWW\caiwu\Application\Home\Controller\IndexController.class.php 第 1238 行.
NOTIC: [2] date() expects parameter 2 to be long, string given D:\phpStudy\WWW\caiwu\Application\Home\Controller\IndexController.class.php 第 883 行.
INFO: [ view_parse ] --START--
INFO: [ template_filter ] --START--
INFO: Run Behavior\ContentReplaceBehavior [ RunTime:0.000000s ]
INFO: [ template_filter ] --END-- [ RunTime:0.000000s ]
NOTIC: [8] Undefined variable: page D:\phpStudy\WWW\caiwu\Application\Runtime\Cache\Home\6db3f6eb7b4ad330087fc7d997a7e796.php 第 163 行.
INFO: Run Behavior\ParseTemplateBehavior [ RunTime:0.053000s ]
INFO: [ view_parse ] --END-- [ RunTime:0.053000s ]
INFO: [ view_filter ] --START--
INFO: Run Behavior\WriteHtmlCacheBehavior [ RunTime:0.001000s ]
INFO: [ view_filter ] --END-- [ RunTime:0.001000s ]
INFO: [ app_end ] --START--
INFO: Run Behavior\ShowPageTraceBehavior [ RunTime:0.001000s ]
INFO: [ app_end ] --END-- [ RunTime:0.002000s ]

[ 2017-08-14T15:30:31+08:00 ] ::1 /caiwu/index.php/home/index/update_password.html
INFO: [ app_init ] --START--
INFO: Run Behavior\BuildLiteBehavior [ RunTime:0.000000s ]
INFO: [ app_init ] --END-- [ RunTime:0.000000s ]
INFO: [ app_begin ] --START--
INFO: Run Behavior\ReadHtmlCacheBehavior [ RunTime:0.000000s ]
INFO: [ app_begin ] --END-- [ RunTime:0.000000s ]
INFO: [ view_parse ] --START--
INFO: [ template_filter ] --START--
INFO: Run Behavior\ContentReplaceBehavior [ RunTime:0.000000s ]
INFO: [ template_filter ] --END-- [ RunTime:0.000000s ]
INFO: Run Behavior\ParseTemplateBehavior [ RunTime:0.014000s ]
INFO: [ view_parse ] --END-- [ RunTime:0.014000s ]
INFO: [ view_filter ] --START--
INFO: Run Behavior\WriteHtmlCacheBehavior [ RunTime:0.000000s ]
INFO: [ view_filter ] --END-- [ RunTime:0.000000s ]
INFO: [ app_end ] --START--
INFO: Run Behavior\ShowPageTraceBehavior [ RunTime:0.000000s ]
INFO: [ app_end ] --END-- [ RunTime:0.000000s ]

[ 2017-08-14T15:31:01+08:00 ] ::1 /caiwu/index.php/home/index/family_add.html
INFO: [ app_init ] --START--
INFO: Run Behavior\BuildLiteBehavior [ RunTime:0.000000s ]
INFO: [ app_init ] --END-- [ RunTime:0.001000s ]
INFO: [ app_begin ] --START--
INFO: Run Behavior\ReadHtmlCacheBehavior [ RunTime:0.000000s ]
INFO: [ app_begin ] --END-- [ RunTime:0.000000s ]
INFO: [ view_parse ] --START--
INFO: [ template_filter ] --START--
INFO: Run Behavior\ContentReplaceBehavior [ RunTime:0.000000s ]
INFO: [ template_filter ] --END-- [ RunTime:0.000000s ]
NOTIC: [8] Undefined variable: session_data D:\phpStudy\WWW\caiwu\Application\Runtime\Cache\Home\fda145a247d2eaeceed81ea9232c75ee.php 第 24 行.
NOTIC: [8] Undefined variable: session_data D:\phpStudy\WWW\caiwu\Application\Runtime\Cache\Home\fda145a247d2eaeceed81ea9232c75ee.php 第 26 行.
INFO: Run Behavior\ParseTemplateBehavior [ RunTime:0.006000s ]
INFO: [ view_parse ] --END-- [ RunTime:0.006000s ]
INFO: [ view_filter ] --START--
INFO: Run Behavior\WriteHtmlCacheBehavior [ RunTime:0.000000s ]
INFO: [ view_filter ] --END-- [ RunTime:0.000000s ]
INFO: [ app_end ] --START--
INFO: Run Behavior\ShowPageTraceBehavior [ RunTime:0.001000s ]
INFO: [ app_end ] --END-- [ RunTime:0.001000s ]

[ 2017-08-14T15:31:05+08:00 ] ::1 /caiwu/index.php/home/index/family_add.html
INFO: [ app_init ] --START--
INFO: Run Behavior\BuildLiteBehavior [ RunTime:0.000000s ]
INFO: [ app_init ] --END-- [ RunTime:0.001000s ]
INFO: [ app_begin ] --START--
INFO: Run Behavior\ReadHtmlCacheBehavior [ RunTime:0.001000s ]
INFO: [ app_begin ] --END-- [ RunTime:0.001000s ]
INFO: [ view_parse ] --START--
INFO: [ template_filter ] --START--
INFO: Run Behavior\ContentReplaceBehavior [ RunTime:0.000000s ]
INFO: [ template_filter ] --END-- [ RunTime:0.000000s ]
NOTIC: [8] Undefined variable: session_data D:\phpStudy\WWW\caiwu\Application\Runtime\Cache\Home\fda145a247d2eaeceed81ea9232c75ee.php 第 24 行.
NOTIC: [8] Undefined variable: session_data D:\phpStudy\WWW\caiwu\Application\Runtime\Cache\Home\fda145a247d2eaeceed81ea9232c75ee.php 第 26 行.
INFO: Run Behavior\ParseTemplateBehavior [ RunTime:0.007000s ]
INFO: [ view_parse ] --END-- [ RunTime:0.007000s ]
INFO: [ view_filter ] --START--
INFO: Run Behavior\WriteHtmlCacheBehavior [ RunTime:0.000000s ]
INFO: [ view_filter ] --END-- [ RunTime:0.000000s ]
INFO: [ app_end ] --START--
INFO: Run Behavior\ShowPageTraceBehavior [ RunTime:0.001000s ]
INFO: [ app_end ] --END-- [ RunTime:0.001000s ]

[ 2017-08-14T15:42:36+08:00 ] ::1 /caiwu/index.php/home/index/family_add.html
INFO: [ app_init ] --START--
INFO: Run Behavior\BuildLiteBehavior [ RunTime:0.000000s ]
INFO: [ app_init ] --END-- [ RunTime:0.000000s ]
INFO: [ app_begin ] --START--
INFO: Run Behavior\ReadHtmlCacheBehavior [ RunTime:0.000000s ]
INFO: [ app_begin ] --END-- [ RunTime:0.000000s ]
INFO: [ view_parse ] --START--
INFO: [ template_filter ] --START--
INFO: Run Behavior\ContentReplaceBehavior [ RunTime:0.000000s ]
INFO: [ template_filter ] --END-- [ RunTime:0.000000s ]
INFO: Run Behavior\ParseTemplateBehavior [ RunTime:0.008000s ]
INFO: [ view_parse ] --END-- [ RunTime:0.008000s ]
INFO: [ view_filter ] --START--
INFO: Run Behavior\WriteHtmlCacheBehavior [ RunTime:0.000000s ]
INFO: [ view_filter ] --END-- [ RunTime:0.000000s ]
INFO: [ app_end ] --START--
INFO: Run Behavior\ShowPageTraceBehavior [ RunTime:0.001000s ]
INFO: [ app_end ] --END-- [ RunTime:0.001000s ]

[ 2017-08-14T15:43:48+08:00 ] ::1 /caiwu/index.php/home/index/family_add.html
INFO: [ app_init ] --START--
INFO: Run Behavior\BuildLiteBehavior [ RunTime:0.000000s ]
INFO: [ app_init ] --END-- [ RunTime:0.001000s ]
INFO: [ app_begin ] --START--
INFO: Run Behavior\ReadHtmlCacheBehavior [ RunTime:0.001000s ]
INFO: [ app_begin ] --END-- [ RunTime:0.001000s ]
INFO: [ view_parse ] --START--
INFO: [ template_filter ] --START--
INFO: Run Behavior\ContentReplaceBehavior [ RunTime:0.000000s ]
INFO: [ template_filter ] --END-- [ RunTime:0.000000s ]
INFO: Run Behavior\ParseTemplateBehavior [ RunTime:0.007000s ]
INFO: [ view_parse ] --END-- [ RunTime:0.007000s ]
INFO: [ view_filter ] --START--
INFO: Run Behavior\WriteHtmlCacheBehavior [ RunTime:0.000000s ]
INFO: [ view_filter ] --END-- [ RunTime:0.000000s ]
INFO: [ app_end ] --START--
INFO: Run Behavior\ShowPageTraceBehavior [ RunTime:0.001000s ]
INFO: [ app_end ] --END-- [ RunTime:0.001000s ]

[ 2017-08-14T15:44:43+08:00 ] ::1 /caiwu/index.php/home/index/family_add.html
INFO: [ app_init ] --START--
INFO: Run Behavior\BuildLiteBehavior [ RunTime:0.000000s ]
INFO: [ app_init ] --END-- [ RunTime:0.000000s ]
INFO: [ app_begin ] --START--
INFO: Run Behavior\ReadHtmlCacheBehavior [ RunTime:0.000000s ]
INFO: [ app_begin ] --END-- [ RunTime:0.000000s ]
INFO: [ view_parse ] --START--
INFO: [ template_filter ] --START--
INFO: Run Behavior\ContentReplaceBehavior [ RunTime:0.000000s ]
INFO: [ template_filter ] --END-- [ RunTime:0.000000s ]
INFO: Run Behavior\ParseTemplateBehavior [ RunTime:0.006000s ]
INFO: [ view_parse ] --END-- [ RunTime:0.006000s ]
INFO: [ view_filter ] --START--
INFO: Run Behavior\WriteHtmlCacheBehavior [ RunTime:0.000000s ]
INFO: [ view_filter ] --END-- [ RunTime:0.000000s ]
INFO: [ app_end ] --START--
INFO: Run Behavior\ShowPageTraceBehavior [ RunTime:0.001000s ]
INFO: [ app_end ] --END-- [ RunTime:0.001000s ]

[ 2017-08-14T15:45:00+08:00 ] ::1 /caiwu/index.php/home/index/family_add.html
INFO: [ app_init ] --START--
INFO: Run Behavior\BuildLiteBehavior [ RunTime:0.000000s ]
INFO: [ app_init ] --END-- [ RunTime:0.000000s ]
INFO: [ app_begin ] --START--
INFO: Run Behavior\ReadHtmlCacheBehavior [ RunTime:0.001000s ]
INFO: [ app_begin ] --END-- [ RunTime:0.001000s ]
INFO: [ view_parse ] --START--
INFO: [ template_filter ] --START--
INFO: Run Behavior\ContentReplaceBehavior [ RunTime:0.000000s ]
INFO: [ template_filter ] --END-- [ RunTime:0.000000s ]
INFO: Run Behavior\ParseTemplateBehavior [ RunTime:0.006000s ]
INFO: [ view_parse ] --END-- [ RunTime:0.006000s ]
INFO: [ view_filter ] --START--
INFO: Run Behavior\WriteHtmlCacheBehavior [ RunTime:0.001000s ]
INFO: [ view_filter ] --END-- [ RunTime:0.001000s ]
INFO: [ app_end ] --START--
INFO: Run Behavior\ShowPageTraceBehavior [ RunTime:0.000000s ]
INFO: [ app_end ] --END-- [ RunTime:0.000000s ]

[ 2017-08-14T15:45:08+08:00 ] ::1 /caiwu/index.php/home/index/family_add.html
INFO: [ app_init ] --START--
INFO: Run Behavior\BuildLiteBehavior [ RunTime:0.000000s ]
INFO: [ app_init ] --END-- [ RunTime:0.000000s ]
INFO: [ app_begin ] --START--
INFO: Run Behavior\ReadHtmlCacheBehavior [ RunTime:0.001000s ]
INFO: [ app_begin ] --END-- [ RunTime:0.001000s ]
INFO: [ view_parse ] --START--
INFO: [ template_filter ] --START--
INFO: Run Behavior\ContentReplaceBehavior [ RunTime:0.000000s ]
INFO: [ template_filter ] --END-- [ RunTime:0.000000s ]
INFO: Run Behavior\ParseTemplateBehavior [ RunTime:0.006000s ]
INFO: [ view_parse ] --END-- [ RunTime:0.006000s ]
INFO: [ view_filter ] --START--
INFO: Run Behavior\WriteHtmlCacheBehavior [ RunTime:0.001000s ]
INFO: [ view_filter ] --END-- [ RunTime:0.001000s ]
INFO: [ app_end ] --START--
INFO: Run Behavior\ShowPageTraceBehavior [ RunTime:0.000000s ]
INFO: [ app_end ] --END-- [ RunTime:0.000000s ]

[ 2017-08-14T15:45:16+08:00 ] ::1 /caiwu/index.php/home/index/family_add.html
INFO: [ app_init ] --START--
INFO: Run Behavior\BuildLiteBehavior [ RunTime:0.000000s ]
INFO: [ app_init ] --END-- [ RunTime:0.000000s ]
INFO: [ app_begin ] --START--
INFO: Run Behavior\ReadHtmlCacheBehavior [ RunTime:0.001000s ]
INFO: [ app_begin ] --END-- [ RunTime:0.001000s ]
INFO: [ view_parse ] --START--
INFO: [ template_filter ] --START--
INFO: Run Behavior\ContentReplaceBehavior [ RunTime:0.000000s ]
INFO: [ template_filter ] --END-- [ RunTime:0.000000s ]
INFO: Run Behavior\ParseTemplateBehavior [ RunTime:0.004000s ]
INFO: [ view_parse ] --END-- [ RunTime:0.004000s ]
INFO: [ view_filter ] --START--
INFO: Run Behavior\WriteHtmlCacheBehavior [ RunTime:0.000000s ]
INFO: [ view_filter ] --END-- [ RunTime:0.000000s ]
INFO: [ app_end ] --START--
INFO: Run Behavior\ShowPageTraceBehavior [ RunTime:0.000000s ]
INFO: [ app_end ] --END-- [ RunTime:0.000000s ]

[ 2017-08-14T15:45:24+08:00 ] ::1 /caiwu/index.php/home/index/family_add.html
INFO: [ app_init ] --START--
INFO: Run Behavior\BuildLiteBehavior [ RunTime:0.000000s ]
INFO: [ app_init ] --END-- [ RunTime:0.001000s ]
INFO: [ app_begin ] --START--
INFO: Run Behavior\ReadHtmlCacheBehavior [ RunTime:0.000000s ]
INFO: [ app_begin ] --END-- [ RunTime:0.000000s ]
INFO: [ view_parse ] --START--
INFO: [ template_filter ] --START--
INFO: Run Behavior\ContentReplaceBehavior [ RunTime:0.000000s ]
INFO: [ template_filter ] --END-- [ RunTime:0.000000s ]
INFO: Run Behavior\ParseTemplateBehavior [ RunTime:0.005000s ]
INFO: [ view_parse ] --END-- [ RunTime:0.005000s ]
INFO: [ view_filter ] --START--
INFO: Run Behavior\WriteHtmlCacheBehavior [ RunTime:0.000000s ]
INFO: [ view_filter ] --END-- [ RunTime:0.000000s ]
INFO: [ app_end ] --START--
INFO: Run Behavior\ShowPageTraceBehavior [ RunTime:0.001000s ]
INFO: [ app_end ] --END-- [ RunTime:0.001000s ]

[ 2017-08-14T15:45:32+08:00 ] ::1 /caiwu/index.php/home/index/family_add.html
INFO: [ app_init ] --START--
INFO: Run Behavior\BuildLiteBehavior [ RunTime:0.000000s ]
INFO: [ app_init ] --END-- [ RunTime:0.000000s ]
INFO: [ app_begin ] --START--
INFO: Run Behavior\ReadHtmlCacheBehavior [ RunTime:0.001000s ]
INFO: [ app_begin ] --END-- [ RunTime:0.001000s ]
INFO: [ view_parse ] --START--
INFO: [ template_filter ] --START--
INFO: Run Behavior\ContentReplaceBehavior [ RunTime:0.000000s ]
INFO: [ template_filter ] --END-- [ RunTime:0.000000s ]
INFO: Run Behavior\ParseTemplateBehavior [ RunTime:0.005000s ]
INFO: [ view_parse ] --END-- [ RunTime:0.005000s ]
INFO: [ view_filter ] --START--
INFO: Run Behavior\WriteHtmlCacheBehavior [ RunTime:0.001000s ]
INFO: [ view_filter ] --END-- [ RunTime:0.001000s ]
INFO: [ app_end ] --START--
INFO: Run Behavior\ShowPageTraceBehavior [ RunTime:0.000000s ]
INFO: [ app_end ] --END-- [ RunTime:0.000000s ]

[ 2017-08-14T15:47:39+08:00 ] ::1 /caiwu/index.php/home/index/family_add.html
INFO: [ app_init ] --START--
INFO: Run Behavior\BuildLiteBehavior [ RunTime:0.000000s ]
INFO: [ app_init ] --END-- [ RunTime:0.001000s ]
INFO: [ app_begin ] --START--
INFO: Run Behavior\ReadHtmlCacheBehavior [ RunTime:0.001000s ]
INFO: [ app_begin ] --END-- [ RunTime:0.001000s ]
INFO: [ view_parse ] --START--
INFO: [ template_filter ] --START--
INFO: Run Behavior\ContentReplaceBehavior [ RunTime:0.000000s ]
INFO: [ template_filter ] --END-- [ RunTime:0.000000s ]
INFO: Run Behavior\ParseTemplateBehavior [ RunTime:0.005000s ]
INFO: [ view_parse ] --END-- [ RunTime:0.005000s ]
INFO: [ view_filter ] --START--
INFO: Run Behavior\WriteHtmlCacheBehavior [ RunTime:0.001000s ]
INFO: [ view_filter ] --END-- [ RunTime:0.001000s ]
INFO: [ app_end ] --START--
INFO: Run Behavior\ShowPageTraceBehavior [ RunTime:0.000000s ]
INFO: [ app_end ] --END-- [ RunTime:0.000000s ]

[ 2017-08-14T15:50:13+08:00 ] ::1 /caiwu/index.php/home/index/family_add.html
INFO: [ app_init ] --START--
INFO: Run Behavior\BuildLiteBehavior [ RunTime:0.000000s ]
INFO: [ app_init ] --END-- [ RunTime:0.000000s ]
INFO: [ app_begin ] --START--
INFO: Run Behavior\ReadHtmlCacheBehavior [ RunTime:0.000000s ]
INFO: [ app_begin ] --END-- [ RunTime:0.000000s ]
INFO: [ view_parse ] --START--
INFO: [ template_filter ] --START--
INFO: Run Behavior\ContentReplaceBehavior [ RunTime:0.000000s ]
INFO: [ template_filter ] --END-- [ RunTime:0.000000s ]
INFO: Run Behavior\ParseTemplateBehavior [ RunTime:0.008000s ]
INFO: [ view_parse ] --END-- [ RunTime:0.008000s ]
INFO: [ view_filter ] --START--
INFO: Run Behavior\WriteHtmlCacheBehavior [ RunTime:0.000000s ]
INFO: [ view_filter ] --END-- [ RunTime:0.000000s ]
INFO: [ app_end ] --START--
INFO: Run Behavior\ShowPageTraceBehavior [ RunTime:0.000000s ]
INFO: [ app_end ] --END-- [ RunTime:0.000000s ]

[ 2017-08-14T15:51:20+08:00 ] ::1 /caiwu/index.php/home/index/family_add.html
INFO: [ app_init ] --START--
INFO: Run Behavior\BuildLiteBehavior [ RunTime:0.000000s ]
INFO: [ app_init ] --END-- [ RunTime:0.001000s ]
INFO: [ app_begin ] --START--
INFO: Run Behavior\ReadHtmlCacheBehavior [ RunTime:0.001000s ]
INFO: [ app_begin ] --END-- [ RunTime:0.001000s ]
INFO: [ view_parse ] --START--
INFO: [ template_filter ] --START--
INFO: Run Behavior\ContentReplaceBehavior [ RunTime:0.000000s ]
INFO: [ template_filter ] --END-- [ RunTime:0.000000s ]
INFO: Run Behavior\ParseTemplateBehavior [ RunTime:0.007000s ]
INFO: [ view_parse ] --END-- [ RunTime:0.008000s ]
INFO: [ view_filter ] --START--
INFO: Run Behavior\WriteHtmlCacheBehavior [ RunTime:0.000000s ]
INFO: [ view_filter ] --END-- [ RunTime:0.000000s ]
INFO: [ app_end ] --START--
INFO: Run Behavior\ShowPageTraceBehavior [ RunTime:0.001000s ]
INFO: [ app_end ] --END-- [ RunTime:0.001000s ]

[ 2017-08-14T15:51:35+08:00 ] ::1 /caiwu/index.php/home/index/family_add.html
INFO: [ app_init ] --START--
INFO: Run Behavior\BuildLiteBehavior [ RunTime:0.000000s ]
INFO: [ app_init ] --END-- [ RunTime:0.001000s ]
INFO: [ app_begin ] --START--
INFO: Run Behavior\ReadHtmlCacheBehavior [ RunTime:0.000000s ]
INFO: [ app_begin ] --END-- [ RunTime:0.000000s ]
INFO: [ view_parse ] --START--
INFO: [ template_filter ] --START--
INFO: Run Behavior\ContentReplaceBehavior [ RunTime:0.000000s ]
INFO: [ template_filter ] --END-- [ RunTime:0.000000s ]
INFO: Run Behavior\ParseTemplateBehavior [ RunTime:0.005000s ]
INFO: [ view_parse ] --END-- [ RunTime:0.005000s ]
INFO: [ view_filter ] --START--
INFO: Run Behavior\WriteHtmlCacheBehavior [ RunTime:0.000000s ]
INFO: [ view_filter ] --END-- [ RunTime:0.000000s ]
INFO: [ app_end ] --START--
INFO: Run Behavior\ShowPageTraceBehavior [ RunTime:0.001000s ]
INFO: [ app_end ] --END-- [ RunTime:0.001000s ]

[ 2017-08-14T15:51:56+08:00 ] ::1 /caiwu/index.php/home/index/family_add.html
INFO: [ app_init ] --START--
INFO: Run Behavior\BuildLiteBehavior [ RunTime:0.000000s ]
INFO: [ app_init ] --END-- [ RunTime:0.001000s ]
INFO: [ app_begin ] --START--
INFO: Run Behavior\ReadHtmlCacheBehavior [ RunTime:0.001000s ]
INFO: [ app_begin ] --END-- [ RunTime:0.001000s ]
INFO: [ view_parse ] --START--
INFO: [ template_filter ] --START--
INFO: Run Behavior\ContentReplaceBehavior [ RunTime:0.000000s ]
INFO: [ template_filter ] --END-- [ RunTime:0.000000s ]
INFO: Run Behavior\ParseTemplateBehavior [ RunTime:0.005000s ]
INFO: [ view_parse ] --END-- [ RunTime:0.005000s ]
INFO: [ view_filter ] --START--
INFO: Run Behavior\WriteHtmlCacheBehavior [ RunTime:0.001000s ]
INFO: [ view_filter ] --END-- [ RunTime:0.001000s ]
INFO: [ app_end ] --START--
INFO: Run Behavior\ShowPageTraceBehavior [ RunTime:0.000000s ]
INFO: [ app_end ] --END-- [ RunTime:0.000000s ]

[ 2017-08-14T15:52:17+08:00 ] ::1 /caiwu/index.php/home/index/family_add.html
INFO: [ app_init ] --START--
INFO: Run Behavior\BuildLiteBehavior [ RunTime:0.000000s ]
INFO: [ app_init ] --END-- [ RunTime:0.001000s ]
INFO: [ app_begin ] --START--
INFO: Run Behavior\ReadHtmlCacheBehavior [ RunTime:0.001000s ]
INFO: [ app_begin ] --END-- [ RunTime:0.001000s ]
INFO: [ view_parse ] --START--
INFO: [ template_filter ] --START--
INFO: Run Behavior\ContentReplaceBehavior [ RunTime:0.000000s ]
INFO: [ template_filter ] --END-- [ RunTime:0.000000s ]
INFO: Run Behavior\ParseTemplateBehavior [ RunTime:0.004000s ]
INFO: [ view_parse ] --END-- [ RunTime:0.004000s ]
INFO: [ view_filter ] --START--
INFO: Run Behavior\WriteHtmlCacheBehavior [ RunTime:0.000000s ]
INFO: [ view_filter ] --END-- [ RunTime:0.001000s ]
INFO: [ app_end ] --START--
INFO: Run Behavior\ShowPageTraceBehavior [ RunTime:0.000000s ]
INFO: [ app_end ] --END-- [ RunTime:0.000000s ]

[ 2017-08-14T15:52:34+08:00 ] ::1 /caiwu/index.php/home/index/family_add.html
INFO: [ app_init ] --START--
INFO: Run Behavior\BuildLiteBehavior [ RunTime:0.000000s ]
INFO: [ app_init ] --END-- [ RunTime:0.001000s ]
INFO: [ app_begin ] --START--
INFO: Run Behavior\ReadHtmlCacheBehavior [ RunTime:0.001000s ]
INFO: [ app_begin ] --END-- [ RunTime:0.001000s ]
INFO: [ view_parse ] --START--
INFO: [ template_filter ] --START--
INFO: Run Behavior\ContentReplaceBehavior [ RunTime:0.000000s ]
INFO: [ template_filter ] --END-- [ RunTime:0.000000s ]
INFO: Run Behavior\ParseTemplateBehavior [ RunTime:0.005000s ]
INFO: [ view_parse ] --END-- [ RunTime:0.005000s ]
INFO: [ view_filter ] --START--
INFO: Run Behavior\WriteHtmlCacheBehavior [ RunTime:0.001000s ]
INFO: [ view_filter ] --END-- [ RunTime:0.001000s ]
INFO: [ app_end ] --START--
INFO: Run Behavior\ShowPageTraceBehavior [ RunTime:0.000000s ]
INFO: [ app_end ] --END-- [ RunTime:0.000000s ]

[ 2017-08-14T15:54:00+08:00 ] ::1 /caiwu/index.php/home/index/family_add.html
INFO: [ app_init ] --START--
INFO: Run Behavior\BuildLiteBehavior [ RunTime:0.000000s ]
INFO: [ app_init ] --END-- [ RunTime:0.000000s ]
INFO: [ app_begin ] --START--
INFO: Run Behavior\ReadHtmlCacheBehavior [ RunTime:0.001000s ]
INFO: [ app_begin ] --END-- [ RunTime:0.001000s ]
INFO: [ view_parse ] --START--
INFO: [ template_filter ] --START--
INFO: Run Behavior\ContentReplaceBehavior [ RunTime:0.000000s ]
INFO: [ template_filter ] --END-- [ RunTime:0.000000s ]
INFO: Run Behavior\ParseTemplateBehavior [ RunTime:0.006000s ]
INFO: [ view_parse ] --END-- [ RunTime:0.006000s ]
INFO: [ view_filter ] --START--
INFO: Run Behavior\WriteHtmlCacheBehavior [ RunTime:0.001000s ]
INFO: [ view_filter ] --END-- [ RunTime:0.001000s ]
INFO: [ app_end ] --START--
INFO: Run Behavior\ShowPageTraceBehavior [ RunTime:0.000000s ]
INFO: [ app_end ] --END-- [ RunTime:0.000000s ]

[ 2017-08-14T15:54:10+08:00 ] ::1 /caiwu/index.php/home/index/family_add.html
INFO: [ app_init ] --START--
INFO: Run Behavior\BuildLiteBehavior [ RunTime:0.000000s ]
INFO: [ app_init ] --END-- [ RunTime:0.001000s ]
INFO: [ app_begin ] --START--
INFO: Run Behavior\ReadHtmlCacheBehavior [ RunTime:0.001000s ]
INFO: [ app_begin ] --END-- [ RunTime:0.001000s ]
INFO: [ view_parse ] --START--
INFO: [ template_filter ] --START--
INFO: Run Behavior\ContentReplaceBehavior [ RunTime:0.000000s ]
INFO: [ template_filter ] --END-- [ RunTime:0.000000s ]
INFO: Run Behavior\ParseTemplateBehavior [ RunTime:0.004000s ]
INFO: [ view_parse ] --END-- [ RunTime:0.004000s ]
INFO: [ view_filter ] --START--
INFO: Run Behavior\WriteHtmlCacheBehavior [ RunTime:0.000000s ]
INFO: [ view_filter ] --END-- [ RunTime:0.000000s ]
INFO: [ app_end ] --START--
INFO: Run Behavior\ShowPageTraceBehavior [ RunTime:0.000000s ]
INFO: [ app_end ] --END-- [ RunTime:0.000000s ]

[ 2017-08-14T15:54:49+08:00 ] ::1 /caiwu/index.php/home/index/family_add.html
INFO: [ app_init ] --START--
INFO: Run Behavior\BuildLiteBehavior [ RunTime:0.000000s ]
INFO: [ app_init ] --END-- [ RunTime:0.000000s ]
INFO: [ app_begin ] --START--
INFO: Run Behavior\ReadHtmlCacheBehavior [ RunTime:0.001000s ]
INFO: [ app_begin ] --END-- [ RunTime:0.001000s ]
INFO: [ view_parse ] --START--
INFO: [ template_filter ] --START--
INFO: Run Behavior\ContentReplaceBehavior [ RunTime:0.000000s ]
INFO: [ template_filter ] --END-- [ RunTime:0.000000s ]
INFO: Run Behavior\ParseTemplateBehavior [ RunTime:0.006000s ]
INFO: [ view_parse ] --END-- [ RunTime:0.006000s ]
INFO: [ view_filter ] --START--
INFO: Run Behavior\WriteHtmlCacheBehavior [ RunTime:0.000000s ]
INFO: [ view_filter ] --END-- [ RunTime:0.000000s ]
INFO: [ app_end ] --START--
INFO: Run Behavior\ShowPageTraceBehavior [ RunTime:0.001000s ]
INFO: [ app_end ] --END-- [ RunTime:0.001000s ]

[ 2017-08-14T16:06:04+08:00 ] ::1 /caiwu/index.php/home/index/family_add.html
INFO: [ app_init ] --START--
INFO: Run Behavior\BuildLiteBehavior [ RunTime:0.000000s ]
INFO: [ app_init ] --END-- [ RunTime:0.000000s ]
INFO: [ app_begin ] --START--
INFO: Run Behavior\ReadHtmlCacheBehavior [ RunTime:0.000000s ]
INFO: [ app_begin ] --END-- [ RunTime:0.000000s ]
INFO: [ view_parse ] --START--
INFO: [ template_filter ] --START--
INFO: Run Behavior\ContentReplaceBehavior [ RunTime:0.000000s ]
INFO: [ template_filter ] --END-- [ RunTime:0.000000s ]
INFO: Run Behavior\ParseTemplateBehavior [ RunTime:0.009000s ]
INFO: [ view_parse ] --END-- [ RunTime:0.009000s ]
INFO: [ view_filter ] --START--
INFO: Run Behavior\WriteHtmlCacheBehavior [ RunTime:0.000000s ]
INFO: [ view_filter ] --END-- [ RunTime:0.000000s ]
INFO: [ app_end ] --START--
INFO: Run Behavior\ShowPageTraceBehavior [ RunTime:0.000000s ]
INFO: [ app_end ] --END-- [ RunTime:0.000000s ]

[ 2017-08-14T16:12:42+08:00 ] ::1 /caiwu/index.php/home/index/family_add.html
INFO: [ app_init ] --START--
INFO: Run Behavior\BuildLiteBehavior [ RunTime:0.000000s ]
INFO: [ app_init ] --END-- [ RunTime:0.000000s ]
INFO: [ app_begin ] --START--
INFO: Run Behavior\ReadHtmlCacheBehavior [ RunTime:0.000000s ]
INFO: [ app_begin ] --END-- [ RunTime:0.000000s ]
INFO: [ view_parse ] --START--
INFO: [ template_filter ] --START--
INFO: Run Behavior\ContentReplaceBehavior [ RunTime:0.000000s ]
INFO: [ template_filter ] --END-- [ RunTime:0.000000s ]
INFO: Run Behavior\ParseTemplateBehavior [ RunTime:0.009000s ]
INFO: [ view_parse ] --END-- [ RunTime:0.009000s ]
INFO: [ view_filter ] --START--
INFO: Run Behavior\WriteHtmlCacheBehavior [ RunTime:0.000000s ]
INFO: [ view_filter ] --END-- [ RunTime:0.000000s ]
INFO: [ app_end ] --START--
INFO: Run Behavior\ShowPageTraceBehavior [ RunTime:0.000000s ]
INFO: [ app_end ] --END-- [ RunTime:0.000000s ]

[ 2017-08-14T16:13:02+08:00 ] ::1 /caiwu/index.php/home/index/family_add.html
INFO: [ app_init ] --START--
INFO: Run Behavior\BuildLiteBehavior [ RunTime:0.000000s ]
INFO: [ app_init ] --END-- [ RunTime:0.001000s ]
INFO: [ app_begin ] --START--
INFO: Run Behavior\ReadHtmlCacheBehavior [ RunTime:0.001000s ]
INFO: [ app_begin ] --END-- [ RunTime:0.001000s ]
INFO: [ view_parse ] --START--
INFO: [ template_filter ] --START--
INFO: Run Behavior\ContentReplaceBehavior [ RunTime:0.000000s ]
INFO: [ template_filter ] --END-- [ RunTime:0.000000s ]
INFO: Run Behavior\ParseTemplateBehavior [ RunTime:0.007000s ]
INFO: [ view_parse ] --END-- [ RunTime:0.007000s ]
INFO: [ view_filter ] --START--
INFO: Run Behavior\WriteHtmlCacheBehavior [ RunTime:0.000000s ]
INFO: [ view_filter ] --END-- [ RunTime:0.000000s ]
INFO: [ app_end ] --START--
INFO: Run Behavior\ShowPageTraceBehavior [ RunTime:0.001000s ]
INFO: [ app_end ] --END-- [ RunTime:0.001000s ]

[ 2017-08-14T16:13:55+08:00 ] ::1 /caiwu/index.php/home/index/family_add.html
INFO: [ app_init ] --START--
INFO: Run Behavior\BuildLiteBehavior [ RunTime:0.000000s ]
INFO: [ app_init ] --END-- [ RunTime:0.001000s ]
INFO: [ app_begin ] --START--
INFO: Run Behavior\ReadHtmlCacheBehavior [ RunTime:0.001000s ]
INFO: [ app_begin ] --END-- [ RunTime:0.001000s ]
INFO: [ view_parse ] --START--
INFO: [ template_filter ] --START--
INFO: Run Behavior\ContentReplaceBehavior [ RunTime:0.000000s ]
INFO: [ template_filter ] --END-- [ RunTime:0.000000s ]
INFO: Run Behavior\ParseTemplateBehavior [ RunTime:0.007000s ]
INFO: [ view_parse ] --END-- [ RunTime:0.007000s ]
INFO: [ view_filter ] --START--
INFO: Run Behavior\WriteHtmlCacheBehavior [ RunTime:0.000000s ]
INFO: [ view_filter ] --END-- [ RunTime:0.000000s ]
INFO: [ app_end ] --START--
INFO: Run Behavior\ShowPageTraceBehavior [ RunTime:0.001000s ]
INFO: [ app_end ] --END-- [ RunTime:0.001000s ]

[ 2017-08-14T16:22:57+08:00 ] ::1 /caiwu/index.php/home/index/family_add.html
INFO: [ app_init ] --START--
INFO: Run Behavior\BuildLiteBehavior [ RunTime:0.000000s ]
INFO: [ app_init ] --END-- [ RunTime:0.000000s ]
INFO: [ app_begin ] --START--
INFO: Run Behavior\ReadHtmlCacheBehavior [ RunTime:0.000000s ]
INFO: [ app_begin ] --END-- [ RunTime:0.000000s ]
INFO: [ view_parse ] --START--
INFO: [ template_filter ] --START--
INFO: Run Behavior\ContentReplaceBehavior [ RunTime:0.000000s ]
INFO: [ template_filter ] --END-- [ RunTime:0.000000s ]
INFO: Run Behavior\ParseTemplateBehavior [ RunTime:0.010000s ]
INFO: [ view_parse ] --END-- [ RunTime:0.010000s ]
INFO: [ view_filter ] --START--
INFO: Run Behavior\WriteHtmlCacheBehavior [ RunTime:0.000000s ]
INFO: [ view_filter ] --END-- [ RunTime:0.000000s ]
INFO: [ app_end ] --START--
INFO: Run Behavior\ShowPageTraceBehavior [ RunTime:0.000000s ]
INFO: [ app_end ] --END-- [ RunTime:0.000000s ]

[ 2017-08-14T16:25:37+08:00 ] ::1 /caiwu/index.php/home/index/family_add.html
INFO: [ app_init ] --START--
INFO: Run Behavior\BuildLiteBehavior [ RunTime:0.000000s ]
INFO: [ app_init ] --END-- [ RunTime:0.001000s ]
INFO: [ app_begin ] --START--
INFO: Run Behavior\ReadHtmlCacheBehavior [ RunTime:0.001000s ]
INFO: [ app_begin ] --END-- [ RunTime:0.001000s ]
INFO: [ view_parse ] --START--
INFO: [ template_filter ] --START--
INFO: Run Behavior\ContentReplaceBehavior [ RunTime:0.000000s ]
INFO: [ template_filter ] --END-- [ RunTime:0.000000s ]
INFO: Run Behavior\ParseTemplateBehavior [ RunTime:0.006000s ]
INFO: [ view_parse ] --END-- [ RunTime:0.006000s ]
INFO: [ view_filter ] --START--
INFO: Run Behavior\WriteHtmlCacheBehavior [ RunTime:0.001000s ]
INFO: [ view_filter ] --END-- [ RunTime:0.001000s ]
INFO: [ app_end ] --START--
INFO: Run Behavior\ShowPageTraceBehavior [ RunTime:0.000000s ]
INFO: [ app_end ] --END-- [ RunTime:0.000000s ]

[ 2017-08-14T16:26:11+08:00 ] ::1 /caiwu/index.php/home/index/family_add.html
INFO: [ app_init ] --START--
INFO: Run Behavior\BuildLiteBehavior [ RunTime:0.000000s ]
INFO: [ app_init ] --END-- [ RunTime:0.000000s ]
INFO: [ app_begin ] --START--
INFO: Run Behavior\ReadHtmlCacheBehavior [ RunTime:0.001000s ]
INFO: [ app_begin ] --END-- [ RunTime:0.001000s ]
INFO: [ view_parse ] --START--
INFO: [ template_filter ] --START--
INFO: Run Behavior\ContentReplaceBehavior [ RunTime:0.000000s ]
INFO: [ template_filter ] --END-- [ RunTime:0.000000s ]
INFO: Run Behavior\ParseTemplateBehavior [ RunTime:0.005000s ]
INFO: [ view_parse ] --END-- [ RunTime:0.005000s ]
INFO: [ view_filter ] --START--
INFO: Run Behavior\WriteHtmlCacheBehavior [ RunTime:0.000000s ]
INFO: [ view_filter ] --END-- [ RunTime:0.000000s ]
INFO: [ app_end ] --START--
INFO: Run Behavior\ShowPageTraceBehavior [ RunTime:0.001000s ]
INFO: [ app_end ] --END-- [ RunTime:0.001000s ]

