[ 2017-08-27T11:21:41+08:00 ] ::1 /wenjuan/
INFO: [ app_init ] --START--
INFO: Run Behavior\BuildLiteBehavior [ RunTime:0.000022s ]
INFO: [ app_init ] --END-- [ RunTime:0.002602s ]
INFO: [ app_begin ] --START--
INFO: Run Behavior\ReadHtmlCacheBehavior [ RunTime:0.000941s ]
INFO: [ app_begin ] --END-- [ RunTime:0.001014s ]
INFO: [ view_parse ] --START--
INFO: [ template_filter ] --START--
INFO: Run Behavior\ContentReplaceBehavior [ RunTime:0.000601s ]
INFO: [ template_filter ] --END-- [ RunTime:0.001011s ]
INFO: Run Behavior\ParseTemplateBehavior [ RunTime:0.013735s ]
INFO: [ view_parse ] --END-- [ RunTime:0.013803s ]
INFO: [ view_filter ] --START--
INFO: Run Behavior\WriteHtmlCacheBehavior [ RunTime:0.000520s ]
INFO: [ view_filter ] --END-- [ RunTime:0.000566s ]

[ 2017-08-27T11:21:44+08:00 ] ::1 /wenjuan/index.php/home/index/login.html
INFO: [ app_init ] --START--
INFO: Run Behavior\BuildLiteBehavior [ RunTime:0.000022s ]
INFO: [ app_init ] --END-- [ RunTime:0.000461s ]
INFO: [ app_begin ] --START--
INFO: Run Behavior\ReadHtmlCacheBehavior [ RunTime:0.000750s ]
INFO: [ app_begin ] --END-- [ RunTime:0.002052s ]
INFO: [ view_parse ] --START--
INFO: [ template_filter ] --START--
INFO: Run Behavior\ContentReplaceBehavior [ RunTime:0.000073s ]
INFO: [ template_filter ] --END-- [ RunTime:0.000209s ]
INFO: Run Behavior\ParseTemplateBehavior [ RunTime:0.008012s ]
INFO: [ view_parse ] --END-- [ RunTime:0.008119s ]
INFO: [ view_filter ] --START--
INFO: Run Behavior\WriteHtmlCacheBehavior [ RunTime:0.001646s ]
INFO: [ view_filter ] --END-- [ RunTime:0.001946s ]
INFO: [ app_end ] --START--
INFO: Run Behavior\ShowPageTraceBehavior [ RunTime:0.001784s ]
INFO: [ app_end ] --END-- [ RunTime:0.002014s ]

[ 2017-08-27T11:21:53+08:00 ] ::1 /wenjuan/index.php/home/index/do_login.html
INFO: [ app_init ] --START--
INFO: Run Behavior\BuildLiteBehavior [ RunTime:0.000013s ]
INFO: [ app_init ] --END-- [ RunTime:0.000501s ]
INFO: [ app_begin ] --START--
INFO: Run Behavior\ReadHtmlCacheBehavior [ RunTime:0.001300s ]
INFO: [ app_begin ] --END-- [ RunTime:0.001390s ]
SQL: SHOW COLUMNS FROM `wenjuan_user` [ RunTime:0.0120s ]
SQL: SELECT * FROM `wenjuan_user` WHERE `account` = 'admin' AND `password` = 'e10adc3949ba59abbe56e057f20f883e' AND `is_del` = 0 LIMIT 1   [ RunTime:0.0011s ]

[ 2017-08-27T11:21:53+08:00 ] ::1 /wenjuan/index.php/home/index/main.html
INFO: [ app_init ] --START--
INFO: Run Behavior\BuildLiteBehavior [ RunTime:0.000030s ]
INFO: [ app_init ] --END-- [ RunTime:0.001082s ]
INFO: [ app_begin ] --START--
INFO: Run Behavior\ReadHtmlCacheBehavior [ RunTime:0.000533s ]
INFO: [ app_begin ] --END-- [ RunTime:0.000599s ]
INFO: [ view_parse ] --START--
INFO: [ template_filter ] --START--
INFO: Run Behavior\ContentReplaceBehavior [ RunTime:0.000054s ]
INFO: [ template_filter ] --END-- [ RunTime:0.000117s ]
INFO: Run Behavior\ParseTemplateBehavior [ RunTime:0.010581s ]
INFO: [ view_parse ] --END-- [ RunTime:0.010656s ]
INFO: [ view_filter ] --START--
INFO: Run Behavior\WriteHtmlCacheBehavior [ RunTime:0.000565s ]
INFO: [ view_filter ] --END-- [ RunTime:0.000620s ]
INFO: [ app_end ] --START--
INFO: Run Behavior\ShowPageTraceBehavior [ RunTime:0.000820s ]
INFO: [ app_end ] --END-- [ RunTime:0.000876s ]

[ 2017-08-27T11:21:53+08:00 ] ::1 /wenjuan/index.php/home/index/top.html
INFO: [ app_init ] --START--
INFO: Run Behavior\BuildLiteBehavior [ RunTime:0.000014s ]
INFO: [ app_init ] --END-- [ RunTime:0.000413s ]
INFO: [ app_begin ] --START--
INFO: Run Behavior\ReadHtmlCacheBehavior [ RunTime:0.000522s ]
INFO: [ app_begin ] --END-- [ RunTime:0.000627s ]
INFO: [ view_parse ] --START--
INFO: [ template_filter ] --START--
INFO: Run Behavior\ContentReplaceBehavior [ RunTime:0.000067s ]
INFO: [ template_filter ] --END-- [ RunTime:0.000171s ]
INFO: Run Behavior\ParseTemplateBehavior [ RunTime:0.015810s ]
INFO: [ view_parse ] --END-- [ RunTime:0.015890s ]
INFO: [ view_filter ] --START--
INFO: Run Behavior\WriteHtmlCacheBehavior [ RunTime:0.000441s ]
INFO: [ view_filter ] --END-- [ RunTime:0.000502s ]
INFO: [ app_end ] --START--
INFO: Run Behavior\ShowPageTraceBehavior [ RunTime:0.001024s ]
INFO: [ app_end ] --END-- [ RunTime:0.001113s ]

[ 2017-08-27T11:21:53+08:00 ] ::1 /wenjuan/index.php/home/index/left.html
INFO: [ app_init ] --START--
INFO: Run Behavior\BuildLiteBehavior [ RunTime:0.000038s ]
INFO: [ app_init ] --END-- [ RunTime:0.000776s ]
INFO: [ app_begin ] --START--
INFO: Run Behavior\ReadHtmlCacheBehavior [ RunTime:0.000959s ]
INFO: [ app_begin ] --END-- [ RunTime:0.001049s ]
INFO: [ view_parse ] --START--
INFO: [ template_filter ] --START--
INFO: Run Behavior\ContentReplaceBehavior [ RunTime:0.000073s ]
INFO: [ template_filter ] --END-- [ RunTime:0.000170s ]
INFO: Run Behavior\ParseTemplateBehavior [ RunTime:0.012668s ]
INFO: [ view_parse ] --END-- [ RunTime:0.012879s ]
INFO: [ view_filter ] --START--
INFO: Run Behavior\WriteHtmlCacheBehavior [ RunTime:0.001181s ]
INFO: [ view_filter ] --END-- [ RunTime:0.001266s ]
INFO: [ app_end ] --START--
INFO: Run Behavior\ShowPageTraceBehavior [ RunTime:0.001331s ]
INFO: [ app_end ] --END-- [ RunTime:0.001423s ]

[ 2017-08-27T11:21:53+08:00 ] ::1 /wenjuan/index.php/home/index/index.html
INFO: [ app_init ] --START--
INFO: Run Behavior\BuildLiteBehavior [ RunTime:0.000045s ]
INFO: [ app_init ] --END-- [ RunTime:0.002609s ]
INFO: [ app_begin ] --START--
INFO: Run Behavior\ReadHtmlCacheBehavior [ RunTime:0.007953s ]
INFO: [ app_begin ] --END-- [ RunTime:0.008058s ]
INFO: [ view_parse ] --START--
INFO: [ template_filter ] --START--
INFO: Run Behavior\ContentReplaceBehavior [ RunTime:0.000057s ]
INFO: [ template_filter ] --END-- [ RunTime:0.000140s ]
INFO: Run Behavior\ParseTemplateBehavior [ RunTime:0.012733s ]
INFO: [ view_parse ] --END-- [ RunTime:0.012834s ]
INFO: [ view_filter ] --START--
INFO: Run Behavior\WriteHtmlCacheBehavior [ RunTime:0.000960s ]
INFO: [ view_filter ] --END-- [ RunTime:0.001043s ]
INFO: [ app_end ] --START--
INFO: Run Behavior\ShowPageTraceBehavior [ RunTime:0.001260s ]
INFO: [ app_end ] --END-- [ RunTime:0.001362s ]

[ 2017-08-27T11:21:57+08:00 ] ::1 /wenjuan/index.php/home/index/user_yjkh_list.html
INFO: [ app_init ] --START--
INFO: Run Behavior\BuildLiteBehavior [ RunTime:0.000014s ]
INFO: [ app_init ] --END-- [ RunTime:0.000396s ]
INFO: [ app_begin ] --START--
INFO: Run Behavior\ReadHtmlCacheBehavior [ RunTime:0.000489s ]
INFO: [ app_begin ] --END-- [ RunTime:0.000546s ]
SQL: SHOW COLUMNS FROM `wenjuan_user_yjkh` [ RunTime:0.0202s ]
SQL: SELECT COUNT(*) AS tp_count FROM `wenjuan_user_yjkh` WHERE `is_del` = 0 LIMIT 1   [ RunTime:0.0004s ]
SQL: SELECT * FROM `wenjuan_user_yjkh` WHERE `is_del` = 0 LIMIT 0,20   [ RunTime:0.0004s ]
SQL: SHOW COLUMNS FROM `wenjuan_yjkh` [ RunTime:0.0118s ]
SQL: SELECT * FROM `wenjuan_yjkh` WHERE ( 1=1 AND id='21' ) LIMIT 1   [ RunTime:0.0005s ]
SQL: SHOW COLUMNS FROM `wenjuan_user` [ RunTime:0.0124s ]
SQL: SELECT `id`,`username` FROM `wenjuan_user` WHERE ( 1=1 AND id='' ) LIMIT 1   [ RunTime:0.0002s ]
SQL: SELECT `id`,`username` FROM `wenjuan_user` WHERE ( 1=1 AND id='' ) LIMIT 1   [ RunTime:0.0002s ]
SQL: SELECT * FROM `wenjuan_yjkh` WHERE ( 1=1 AND id='22' ) LIMIT 1   [ RunTime:0.0003s ]
SQL: SELECT `id`,`username` FROM `wenjuan_user` WHERE ( 1=1 AND id='15' ) LIMIT 1   [ RunTime:0.0002s ]
SQL: SELECT `id`,`username` FROM `wenjuan_user` WHERE ( 1=1 AND id='14' ) LIMIT 1   [ RunTime:0.0002s ]
SQL: SELECT * FROM `wenjuan_yjkh` WHERE ( 1=1 AND id='23' ) LIMIT 1   [ RunTime:0.0003s ]
SQL: SELECT `id`,`username` FROM `wenjuan_user` WHERE ( 1=1 AND id='' ) LIMIT 1   [ RunTime:0.0002s ]
SQL: SELECT `id`,`username` FROM `wenjuan_user` WHERE ( 1=1 AND id='14' ) LIMIT 1   [ RunTime:0.0002s ]
SQL: SELECT * FROM `wenjuan_yjkh` WHERE ( 1=1 AND id='21' ) LIMIT 1   [ RunTime:0.0003s ]
SQL: SELECT `id`,`username` FROM `wenjuan_user` WHERE ( 1=1 AND id='' ) LIMIT 1   [ RunTime:0.0002s ]
SQL: SELECT `id`,`username` FROM `wenjuan_user` WHERE ( 1=1 AND id='14' ) LIMIT 1   [ RunTime:0.0002s ]
SQL: SELECT * FROM `wenjuan_yjkh` WHERE ( 1=1 AND id='23' ) LIMIT 1   [ RunTime:0.0003s ]
SQL: SELECT `id`,`username` FROM `wenjuan_user` WHERE ( 1=1 AND id='14' ) LIMIT 1   [ RunTime:0.0002s ]
SQL: SELECT `id`,`username` FROM `wenjuan_user` WHERE ( 1=1 AND id='14' ) LIMIT 1   [ RunTime:0.0004s ]
SQL: SELECT * FROM `wenjuan_yjkh` WHERE ( 1=1 AND id='21' ) LIMIT 1   [ RunTime:0.0005s ]
SQL: SELECT `id`,`username` FROM `wenjuan_user` WHERE ( 1=1 AND id='15' ) LIMIT 1   [ RunTime:0.0004s ]
SQL: SELECT `id`,`username` FROM `wenjuan_user` WHERE ( 1=1 AND id='15' ) LIMIT 1   [ RunTime:0.0003s ]
SQL: SELECT * FROM `wenjuan_yjkh` WHERE ( 1=1 AND id='22' ) LIMIT 1   [ RunTime:0.0004s ]
SQL: SELECT `id`,`username` FROM `wenjuan_user` WHERE ( 1=1 AND id='14' ) LIMIT 1   [ RunTime:0.0002s ]
SQL: SELECT `id`,`username` FROM `wenjuan_user` WHERE ( 1=1 AND id='15' ) LIMIT 1   [ RunTime:0.0002s ]
INFO: [ view_parse ] --START--
INFO: [ template_filter ] --START--
INFO: Run Behavior\ContentReplaceBehavior [ RunTime:0.000065s ]
INFO: [ template_filter ] --END-- [ RunTime:0.000120s ]
INFO: Run Behavior\ParseTemplateBehavior [ RunTime:0.008205s ]
INFO: [ view_parse ] --END-- [ RunTime:0.008286s ]
INFO: [ view_filter ] --START--
INFO: Run Behavior\WriteHtmlCacheBehavior [ RunTime:0.000363s ]
INFO: [ view_filter ] --END-- [ RunTime:0.000412s ]
INFO: [ app_end ] --START--
INFO: Run Behavior\ShowPageTraceBehavior [ RunTime:0.000753s ]
INFO: [ app_end ] --END-- [ RunTime:0.000838s ]

[ 2017-08-27T11:21:58+08:00 ] ::1 /wenjuan/index.php/home/index/yjkh_list.html
INFO: [ app_init ] --START--
INFO: Run Behavior\BuildLiteBehavior [ RunTime:0.000017s ]
INFO: [ app_init ] --END-- [ RunTime:0.000507s ]
INFO: [ app_begin ] --START--
INFO: Run Behavior\ReadHtmlCacheBehavior [ RunTime:0.000596s ]
INFO: [ app_begin ] --END-- [ RunTime:0.000665s ]
SQL: SHOW COLUMNS FROM `wenjuan_yjkh` [ RunTime:0.0292s ]
SQL: SELECT COUNT(*) AS tp_count FROM `wenjuan_yjkh` WHERE `is_del` = 0 LIMIT 1   [ RunTime:0.0003s ]
SQL: SELECT * FROM `wenjuan_yjkh` WHERE `is_del` = 0 ORDER BY id desc LIMIT 0,20   [ RunTime:0.0007s ]
SQL: SHOW COLUMNS FROM `wenjuan_department` [ RunTime:0.0159s ]
SQL: SELECT * FROM `wenjuan_department` WHERE ( 1=1 AND id='3' ) LIMIT 1   [ RunTime:0.0022s ]
SQL: SELECT * FROM `wenjuan_department` WHERE ( 1=1 AND id='3' ) LIMIT 1   [ RunTime:0.0003s ]
SQL: SELECT * FROM `wenjuan_department` WHERE ( 1=1 AND id='3' ) LIMIT 1   [ RunTime:0.0003s ]
SQL: SELECT * FROM `wenjuan_department` WHERE ( 1=1 AND id='3' ) LIMIT 1   [ RunTime:0.0003s ]
INFO: [ view_parse ] --START--
INFO: [ template_filter ] --START--
INFO: Run Behavior\ContentReplaceBehavior [ RunTime:0.000059s ]
INFO: [ template_filter ] --END-- [ RunTime:0.000113s ]
INFO: Run Behavior\ParseTemplateBehavior [ RunTime:0.009601s ]
INFO: [ view_parse ] --END-- [ RunTime:0.009704s ]
INFO: [ view_filter ] --START--
INFO: Run Behavior\WriteHtmlCacheBehavior [ RunTime:0.000333s ]
INFO: [ view_filter ] --END-- [ RunTime:0.000376s ]
INFO: [ app_end ] --START--
INFO: Run Behavior\ShowPageTraceBehavior [ RunTime:0.000781s ]
INFO: [ app_end ] --END-- [ RunTime:0.000856s ]

[ 2017-08-27T11:22:00+08:00 ] ::1 /wenjuan/index.php/home/index/yjkh_list_oneself.html
INFO: [ app_init ] --START--
INFO: Run Behavior\BuildLiteBehavior [ RunTime:0.000014s ]
INFO: [ app_init ] --END-- [ RunTime:0.000404s ]
INFO: [ app_begin ] --START--
INFO: Run Behavior\ReadHtmlCacheBehavior [ RunTime:0.000502s ]
INFO: [ app_begin ] --END-- [ RunTime:0.000565s ]
SQL: SHOW COLUMNS FROM `wenjuan_user_yjkh` [ RunTime:0.0078s ]
SQL: SELECT COUNT(*) AS tp_count FROM `wenjuan_user_yjkh` WHERE `is_del` = 0 AND `appraiser_id` = '1' LIMIT 1   [ RunTime:0.0003s ]
SQL: SELECT * FROM `wenjuan_user_yjkh` WHERE `is_del` = 0 AND `appraiser_id` = '1' LIMIT 0,20   [ RunTime:0.0006s ]
INFO: [ view_parse ] --START--
INFO: [ template_filter ] --START--
INFO: Run Behavior\ContentReplaceBehavior [ RunTime:0.000062s ]
INFO: [ template_filter ] --END-- [ RunTime:0.000121s ]
INFO: Run Behavior\ParseTemplateBehavior [ RunTime:0.010856s ]
INFO: [ view_parse ] --END-- [ RunTime:0.010981s ]
INFO: [ view_filter ] --START--
INFO: Run Behavior\WriteHtmlCacheBehavior [ RunTime:0.000555s ]
INFO: [ view_filter ] --END-- [ RunTime:0.000613s ]
INFO: [ app_end ] --START--
INFO: Run Behavior\ShowPageTraceBehavior [ RunTime:0.000600s ]
INFO: [ app_end ] --END-- [ RunTime:0.000649s ]

[ 2017-08-27T11:26:35+08:00 ] ::1 /wenjuan/index.php/home/index/yjkh_list.html
INFO: [ app_init ] --START--
INFO: Run Behavior\BuildLiteBehavior [ RunTime:0.000014s ]
INFO: [ app_init ] --END-- [ RunTime:0.000505s ]
INFO: [ app_begin ] --START--
INFO: Run Behavior\ReadHtmlCacheBehavior [ RunTime:0.001061s ]
INFO: [ app_begin ] --END-- [ RunTime:0.001226s ]
SQL: SHOW COLUMNS FROM `wenjuan_yjkh` [ RunTime:0.0120s ]
SQL: SELECT COUNT(*) AS tp_count FROM `wenjuan_yjkh` WHERE `is_del` = 0 LIMIT 1   [ RunTime:0.0004s ]
SQL: SELECT * FROM `wenjuan_yjkh` WHERE `is_del` = 0 ORDER BY id desc LIMIT 0,20   [ RunTime:0.0008s ]
SQL: SHOW COLUMNS FROM `wenjuan_department` [ RunTime:0.0096s ]
SQL: SELECT * FROM `wenjuan_department` WHERE ( 1=1 AND id='3' ) LIMIT 1   [ RunTime:0.0003s ]
SQL: SELECT * FROM `wenjuan_department` WHERE ( 1=1 AND id='3' ) LIMIT 1   [ RunTime:0.0002s ]
SQL: SELECT * FROM `wenjuan_department` WHERE ( 1=1 AND id='3' ) LIMIT 1   [ RunTime:0.0002s ]
SQL: SELECT * FROM `wenjuan_department` WHERE ( 1=1 AND id='3' ) LIMIT 1   [ RunTime:0.0003s ]
INFO: [ view_parse ] --START--
INFO: [ template_filter ] --START--
INFO: Run Behavior\ContentReplaceBehavior [ RunTime:0.000062s ]
INFO: [ template_filter ] --END-- [ RunTime:0.000121s ]
INFO: Run Behavior\ParseTemplateBehavior [ RunTime:0.011212s ]
INFO: [ view_parse ] --END-- [ RunTime:0.011308s ]
INFO: [ view_filter ] --START--
INFO: Run Behavior\WriteHtmlCacheBehavior [ RunTime:0.000546s ]
INFO: [ view_filter ] --END-- [ RunTime:0.000595s ]
INFO: [ app_end ] --START--
INFO: Run Behavior\ShowPageTraceBehavior [ RunTime:0.001016s ]
INFO: [ app_end ] --END-- [ RunTime:0.001091s ]

[ 2017-08-27T11:26:40+08:00 ] ::1 /wenjuan/index.php/home/index/yjkh_details.html?id=24
INFO: [ app_init ] --START--
INFO: Run Behavior\BuildLiteBehavior [ RunTime:0.000015s ]
INFO: [ app_init ] --END-- [ RunTime:0.000567s ]
INFO: [ app_begin ] --START--
INFO: Run Behavior\ReadHtmlCacheBehavior [ RunTime:0.003761s ]
INFO: [ app_begin ] --END-- [ RunTime:0.003879s ]
SQL: SHOW COLUMNS FROM `wenjuan_yjkh` [ RunTime:0.0111s ]
SQL: SELECT * FROM `wenjuan_yjkh` WHERE `id` = 24 AND `is_del` = 0 LIMIT 1   [ RunTime:0.0006s ]
INFO: [ view_parse ] --START--
INFO: [ template_filter ] --START--
INFO: Run Behavior\ContentReplaceBehavior [ RunTime:0.000085s ]
INFO: [ template_filter ] --END-- [ RunTime:0.000181s ]
INFO: Run Behavior\ParseTemplateBehavior [ RunTime:0.010653s ]
INFO: [ view_parse ] --END-- [ RunTime:0.010770s ]
INFO: [ view_filter ] --START--
INFO: Run Behavior\WriteHtmlCacheBehavior [ RunTime:0.001004s ]
INFO: [ view_filter ] --END-- [ RunTime:0.001089s ]
INFO: [ app_end ] --START--
INFO: Run Behavior\ShowPageTraceBehavior [ RunTime:0.001172s ]
INFO: [ app_end ] --END-- [ RunTime:0.001257s ]

[ 2017-08-27T11:28:07+08:00 ] ::1 /wenjuan/index.php/home/index/yjkh_list.html
INFO: [ app_init ] --START--
INFO: Run Behavior\BuildLiteBehavior [ RunTime:0.000014s ]
INFO: [ app_init ] --END-- [ RunTime:0.000435s ]
INFO: [ app_begin ] --START--
INFO: Run Behavior\ReadHtmlCacheBehavior [ RunTime:0.000515s ]
INFO: [ app_begin ] --END-- [ RunTime:0.000575s ]
SQL: SHOW COLUMNS FROM `wenjuan_yjkh` [ RunTime:0.0177s ]
SQL: SELECT COUNT(*) AS tp_count FROM `wenjuan_yjkh` WHERE `is_del` = 0 LIMIT 1   [ RunTime:0.0003s ]
SQL: SELECT * FROM `wenjuan_yjkh` WHERE `is_del` = 0 ORDER BY id desc LIMIT 0,20   [ RunTime:0.0008s ]
SQL: SHOW COLUMNS FROM `wenjuan_department` [ RunTime:0.0088s ]
SQL: SELECT * FROM `wenjuan_department` WHERE ( 1=1 AND id='3' ) LIMIT 1   [ RunTime:0.0003s ]
SQL: SELECT * FROM `wenjuan_department` WHERE ( 1=1 AND id='3' ) LIMIT 1   [ RunTime:0.0002s ]
SQL: SELECT * FROM `wenjuan_department` WHERE ( 1=1 AND id='3' ) LIMIT 1   [ RunTime:0.0002s ]
SQL: SELECT * FROM `wenjuan_department` WHERE ( 1=1 AND id='3' ) LIMIT 1   [ RunTime:0.0002s ]
INFO: [ view_parse ] --START--
INFO: [ template_filter ] --START--
INFO: Run Behavior\ContentReplaceBehavior [ RunTime:0.000061s ]
INFO: [ template_filter ] --END-- [ RunTime:0.000119s ]
INFO: Run Behavior\ParseTemplateBehavior [ RunTime:0.009860s ]
INFO: [ view_parse ] --END-- [ RunTime:0.009951s ]
INFO: [ view_filter ] --START--
INFO: Run Behavior\WriteHtmlCacheBehavior [ RunTime:0.000341s ]
INFO: [ view_filter ] --END-- [ RunTime:0.000384s ]
INFO: [ app_end ] --START--
INFO: Run Behavior\ShowPageTraceBehavior [ RunTime:0.000718s ]
INFO: [ app_end ] --END-- [ RunTime:0.000797s ]

[ 2017-08-27T11:29:15+08:00 ] ::1 /wenjuan/index.php/home/index/yjkh_add.html?type=1
INFO: [ app_init ] --START--
INFO: Run Behavior\BuildLiteBehavior [ RunTime:0.000018s ]
INFO: [ app_init ] --END-- [ RunTime:0.000606s ]
INFO: [ app_begin ] --START--
INFO: Run Behavior\ReadHtmlCacheBehavior [ RunTime:0.001003s ]
INFO: [ app_begin ] --END-- [ RunTime:0.001139s ]
SQL: SHOW COLUMNS FROM `wenjuan_department` [ RunTime:0.0160s ]
SQL: SELECT * FROM `wenjuan_department` WHERE `is_del` = 0  [ RunTime:0.0003s ]
INFO: [ view_parse ] --START--
INFO: [ template_filter ] --START--
INFO: Run Behavior\ContentReplaceBehavior [ RunTime:0.000065s ]
INFO: [ template_filter ] --END-- [ RunTime:0.000120s ]
NOTIC: [8] Undefined variable: status_date D:\phpStudy\WWW\wenjuan\Application\Runtime\Cache\Home\4e6646dc44c308e9c60f2d072052c2b0.php 第 48 行.
NOTIC: [8] Undefined variable: end_date D:\phpStudy\WWW\wenjuan\Application\Runtime\Cache\Home\4e6646dc44c308e9c60f2d072052c2b0.php 第 48 行.
NOTIC: [8] Use of undefined constant yjkh_list - assumed 'yjkh_list' D:\phpStudy\WWW\wenjuan\Application\Runtime\Cache\Home\4e6646dc44c308e9c60f2d072052c2b0.php 第 191 行.
INFO: Run Behavior\ParseTemplateBehavior [ RunTime:0.010700s ]
INFO: [ view_parse ] --END-- [ RunTime:0.010792s ]
INFO: [ view_filter ] --START--
INFO: Run Behavior\WriteHtmlCacheBehavior [ RunTime:0.000561s ]
INFO: [ view_filter ] --END-- [ RunTime:0.000609s ]
INFO: [ app_end ] --START--
INFO: Run Behavior\ShowPageTraceBehavior [ RunTime:0.001012s ]
INFO: [ app_end ] --END-- [ RunTime:0.001097s ]

[ 2017-08-27T11:39:17+08:00 ] ::1 /wenjuan/index.php/home/index/yjkh_fill_in_user_add.html
INFO: [ app_init ] --START--
INFO: Run Behavior\BuildLiteBehavior [ RunTime:0.000016s ]
INFO: [ app_init ] --END-- [ RunTime:0.000787s ]
INFO: [ app_begin ] --START--
INFO: Run Behavior\ReadHtmlCacheBehavior [ RunTime:0.000896s ]
INFO: [ app_begin ] --END-- [ RunTime:0.001000s ]
SQL: SHOW COLUMNS FROM `wenjuan_department` [ RunTime:0.0293s ]
SQL: SELECT * FROM `wenjuan_department` WHERE `is_del` = 0  [ RunTime:0.0004s ]
SQL: SHOW COLUMNS FROM `wenjuan_duty` [ RunTime:0.0258s ]
SQL: SELECT * FROM `wenjuan_duty` WHERE ( 1=1 AND department_id='1' )  [ RunTime:0.0020s ]
SQL: SHOW COLUMNS FROM `wenjuan_user` [ RunTime:0.0245s ]
SQL: SELECT * FROM `wenjuan_user` WHERE ( 1=1 AND department_id='1' )  [ RunTime:0.0012s ]
SQL: SELECT * FROM `wenjuan_duty` WHERE ( 1=1 AND department_id='2' )  [ RunTime:0.0022s ]
SQL: SELECT * FROM `wenjuan_user` WHERE ( 1=1 AND department_id='2' )  [ RunTime:0.0018s ]
SQL: SELECT * FROM `wenjuan_duty` WHERE ( 1=1 AND department_id='3' )  [ RunTime:0.0009s ]
SQL: SELECT * FROM `wenjuan_user` WHERE ( 1=1 AND department_id='3' )  [ RunTime:0.0004s ]
SQL: SELECT * FROM `wenjuan_duty` WHERE ( 1=1 AND department_id='4' )  [ RunTime:0.0004s ]
SQL: SELECT * FROM `wenjuan_user` WHERE ( 1=1 AND department_id='4' )  [ RunTime:0.0003s ]
SQL: SELECT * FROM `wenjuan_duty` WHERE ( 1=1 AND department_id='5' )  [ RunTime:0.0002s ]
SQL: SELECT * FROM `wenjuan_user` WHERE ( 1=1 AND department_id='5' )  [ RunTime:0.0002s ]
SQL: SELECT * FROM `wenjuan_duty` WHERE ( 1=1 AND department_id='10' )  [ RunTime:0.0001s ]
SQL: SELECT * FROM `wenjuan_user` WHERE ( 1=1 AND department_id='10' )  [ RunTime:0.0002s ]
SQL: SELECT * FROM `wenjuan_duty` WHERE ( 1=1 AND department_id='11' )  [ RunTime:0.0001s ]
SQL: SELECT * FROM `wenjuan_user` WHERE ( 1=1 AND department_id='11' )  [ RunTime:0.0002s ]
INFO: [ view_parse ] --START--
INFO: [ template_filter ] --START--
INFO: Run Behavior\ContentReplaceBehavior [ RunTime:0.000122s ]
INFO: [ template_filter ] --END-- [ RunTime:0.000182s ]
INFO: Run Behavior\ParseTemplateBehavior [ RunTime:0.017935s ]
INFO: [ view_parse ] --END-- [ RunTime:0.018032s ]
INFO: [ view_filter ] --START--
INFO: Run Behavior\WriteHtmlCacheBehavior [ RunTime:0.000955s ]
INFO: [ view_filter ] --END-- [ RunTime:0.001068s ]
INFO: [ app_end ] --START--
INFO: Run Behavior\ShowPageTraceBehavior [ RunTime:0.006029s ]
INFO: [ app_end ] --END-- [ RunTime:0.006506s ]

[ 2017-08-27T12:18:20+08:00 ] ::1 /wenjuan/index.php/home/index/index.html
INFO: [ app_init ] --START--
INFO: Run Behavior\BuildLiteBehavior [ RunTime:0.000018s ]
INFO: [ app_init ] --END-- [ RunTime:0.000723s ]
INFO: [ app_begin ] --START--
INFO: Run Behavior\ReadHtmlCacheBehavior [ RunTime:0.000819s ]
INFO: [ app_begin ] --END-- [ RunTime:0.000885s ]
INFO: [ view_parse ] --START--
INFO: [ template_filter ] --START--
INFO: Run Behavior\ContentReplaceBehavior [ RunTime:0.000038s ]
INFO: [ template_filter ] --END-- [ RunTime:0.000094s ]
INFO: Run Behavior\ParseTemplateBehavior [ RunTime:0.008215s ]
INFO: [ view_parse ] --END-- [ RunTime:0.008284s ]
INFO: [ view_filter ] --START--
INFO: Run Behavior\WriteHtmlCacheBehavior [ RunTime:0.000669s ]
INFO: [ view_filter ] --END-- [ RunTime:0.000719s ]
INFO: [ app_end ] --START--
INFO: Run Behavior\ShowPageTraceBehavior [ RunTime:0.000714s ]
INFO: [ app_end ] --END-- [ RunTime:0.000763s ]

[ 2017-08-27T12:18:20+08:00 ] ::1 /wenjuan/index.php/home/index/department_list.html
INFO: [ app_init ] --START--
INFO: Run Behavior\BuildLiteBehavior [ RunTime:0.000013s ]
INFO: [ app_init ] --END-- [ RunTime:0.000396s ]
INFO: [ app_begin ] --START--
INFO: Run Behavior\ReadHtmlCacheBehavior [ RunTime:0.000669s ]
INFO: [ app_begin ] --END-- [ RunTime:0.000736s ]
SQL: SHOW COLUMNS FROM `wenjuan_department` [ RunTime:0.0243s ]
SQL: SELECT COUNT(*) AS tp_count FROM `wenjuan_department` WHERE `is_del` = 0 LIMIT 1   [ RunTime:0.0004s ]
SQL: SELECT * FROM `wenjuan_department` WHERE `is_del` = 0 ORDER BY id desc LIMIT 0,20   [ RunTime:0.0006s ]
INFO: [ view_parse ] --START--
INFO: [ template_filter ] --START--
INFO: Run Behavior\ContentReplaceBehavior [ RunTime:0.000054s ]
INFO: [ template_filter ] --END-- [ RunTime:0.000106s ]
INFO: Run Behavior\ParseTemplateBehavior [ RunTime:0.007169s ]
INFO: [ view_parse ] --END-- [ RunTime:0.007274s ]
INFO: [ view_filter ] --START--
INFO: Run Behavior\WriteHtmlCacheBehavior [ RunTime:0.000435s ]
INFO: [ view_filter ] --END-- [ RunTime:0.000488s ]
INFO: [ app_end ] --START--
INFO: Run Behavior\ShowPageTraceBehavior [ RunTime:0.000640s ]
INFO: [ app_end ] --END-- [ RunTime:0.000695s ]

[ 2017-08-27T12:18:21+08:00 ] ::1 /wenjuan/index.php/home/index/duty_list.html
INFO: [ app_init ] --START--
INFO: Run Behavior\BuildLiteBehavior [ RunTime:0.000016s ]
INFO: [ app_init ] --END-- [ RunTime:0.000943s ]
INFO: [ app_begin ] --START--
INFO: Run Behavior\ReadHtmlCacheBehavior [ RunTime:0.000561s ]
INFO: [ app_begin ] --END-- [ RunTime:0.000635s ]
SQL: SHOW COLUMNS FROM `wenjuan_duty` [ RunTime:0.0101s ]
SQL: SELECT COUNT(*) AS tp_count FROM `wenjuan_duty` WHERE `is_del` = 0 LIMIT 1   [ RunTime:0.0003s ]
SQL: SELECT * FROM `wenjuan_duty` WHERE `is_del` = 0 ORDER BY id desc LIMIT 0,20   [ RunTime:0.0005s ]
SQL: SHOW COLUMNS FROM `wenjuan_department` [ RunTime:0.0189s ]
SQL: SELECT * FROM `wenjuan_department` WHERE ( 1=1 AND id='4' ) LIMIT 1   [ RunTime:0.0004s ]
SQL: SELECT * FROM `wenjuan_department` WHERE ( 1=1 AND id='4' ) LIMIT 1   [ RunTime:0.0003s ]
SQL: SELECT * FROM `wenjuan_department` WHERE ( 1=1 AND id='4' ) LIMIT 1   [ RunTime:0.0004s ]
SQL: SELECT * FROM `wenjuan_department` WHERE ( 1=1 AND id='4' ) LIMIT 1   [ RunTime:0.0004s ]
SQL: SELECT * FROM `wenjuan_department` WHERE ( 1=1 AND id='4' ) LIMIT 1   [ RunTime:0.0005s ]
SQL: SELECT * FROM `wenjuan_department` WHERE ( 1=1 AND id='5' ) LIMIT 1   [ RunTime:0.0002s ]
SQL: SELECT * FROM `wenjuan_department` WHERE ( 1=1 AND id='11' ) LIMIT 1   [ RunTime:0.0002s ]
SQL: SELECT * FROM `wenjuan_department` WHERE ( 1=1 AND id='2' ) LIMIT 1   [ RunTime:0.0002s ]
SQL: SELECT * FROM `wenjuan_department` WHERE ( 1=1 AND id='2' ) LIMIT 1   [ RunTime:0.0002s ]
SQL: SELECT * FROM `wenjuan_department` WHERE ( 1=1 AND id='5' ) LIMIT 1   [ RunTime:0.0003s ]
SQL: SELECT * FROM `wenjuan_department` WHERE ( 1=1 AND id='3' ) LIMIT 1   [ RunTime:0.0002s ]
SQL: SELECT * FROM `wenjuan_department` WHERE ( 1=1 AND id='3' ) LIMIT 1   [ RunTime:0.0003s ]
SQL: SELECT * FROM `wenjuan_department` WHERE ( 1=1 AND id='3' ) LIMIT 1   [ RunTime:0.0003s ]
SQL: SELECT * FROM `wenjuan_department` WHERE ( 1=1 AND id='3' ) LIMIT 1   [ RunTime:0.0002s ]
SQL: SELECT * FROM `wenjuan_department` WHERE ( 1=1 AND id='3' ) LIMIT 1   [ RunTime:0.0002s ]
SQL: SELECT * FROM `wenjuan_department` WHERE ( 1=1 AND id='10' ) LIMIT 1   [ RunTime:0.0003s ]
SQL: SELECT * FROM `wenjuan_department` WHERE ( 1=1 AND id='10' ) LIMIT 1   [ RunTime:0.0002s ]
SQL: SELECT * FROM `wenjuan_department` WHERE ( 1=1 AND id='2' ) LIMIT 1   [ RunTime:0.0002s ]
SQL: SELECT * FROM `wenjuan_department` WHERE ( 1=1 AND id='2' ) LIMIT 1   [ RunTime:0.0002s ]
SQL: SELECT * FROM `wenjuan_department` WHERE ( 1=1 AND id='1' ) LIMIT 1   [ RunTime:0.0002s ]
INFO: [ view_parse ] --START--
INFO: [ template_filter ] --START--
INFO: Run Behavior\ContentReplaceBehavior [ RunTime:0.000059s ]
INFO: [ template_filter ] --END-- [ RunTime:0.000127s ]
INFO: Run Behavior\ParseTemplateBehavior [ RunTime:0.007314s ]
INFO: [ view_parse ] --END-- [ RunTime:0.007378s ]
INFO: [ view_filter ] --START--
INFO: Run Behavior\WriteHtmlCacheBehavior [ RunTime:0.000346s ]
INFO: [ view_filter ] --END-- [ RunTime:0.000393s ]
INFO: [ app_end ] --START--
INFO: Run Behavior\ShowPageTraceBehavior [ RunTime:0.000883s ]
INFO: [ app_end ] --END-- [ RunTime:0.000965s ]

[ 2017-08-27T12:18:25+08:00 ] ::1 /wenjuan/index.php/home/index/user_list.html
INFO: [ app_init ] --START--
INFO: Run Behavior\BuildLiteBehavior [ RunTime:0.000012s ]
INFO: [ app_init ] --END-- [ RunTime:0.000397s ]
INFO: [ app_begin ] --START--
INFO: Run Behavior\ReadHtmlCacheBehavior [ RunTime:0.000511s ]
INFO: [ app_begin ] --END-- [ RunTime:0.000569s ]
SQL: SHOW COLUMNS FROM `wenjuan_user` [ RunTime:0.0173s ]
SQL: SELECT COUNT(*) AS tp_count FROM `wenjuan_user` WHERE `is_del` = 0 LIMIT 1   [ RunTime:0.0004s ]
SQL: SELECT * FROM `wenjuan_user` WHERE `is_del` = 0 ORDER BY id desc LIMIT 0,20   [ RunTime:0.0006s ]
SQL: SHOW COLUMNS FROM `wenjuan_department` [ RunTime:0.0084s ]
SQL: SELECT * FROM `wenjuan_department` WHERE ( 1=1 AND id='3' ) LIMIT 1   [ RunTime:0.0003s ]
SQL: SHOW COLUMNS FROM `wenjuan_duty` [ RunTime:0.0162s ]
SQL: SELECT * FROM `wenjuan_duty` WHERE ( 1=1 AND id='10' ) LIMIT 1   [ RunTime:0.0004s ]
SQL: SELECT * FROM `wenjuan_department` WHERE ( 1=1 AND id='3' ) LIMIT 1   [ RunTime:0.0003s ]
SQL: SELECT * FROM `wenjuan_duty` WHERE ( 1=1 AND id='7' ) LIMIT 1   [ RunTime:0.0003s ]
SQL: SELECT * FROM `wenjuan_department` WHERE ( 1=1 AND id='4' ) LIMIT 1   [ RunTime:0.0002s ]
SQL: SELECT * FROM `wenjuan_duty` WHERE ( 1=1 AND id='20' ) LIMIT 1   [ RunTime:0.0002s ]
SQL: SELECT * FROM `wenjuan_department` WHERE ( 1=1 AND id='4' ) LIMIT 1   [ RunTime:0.0003s ]
SQL: SELECT * FROM `wenjuan_duty` WHERE ( 1=1 AND id='18' ) LIMIT 1   [ RunTime:0.0003s ]
SQL: SELECT * FROM `wenjuan_department` WHERE ( 1=1 AND id='4' ) LIMIT 1   [ RunTime:0.0003s ]
SQL: SELECT * FROM `wenjuan_duty` WHERE ( 1=1 AND id='17' ) LIMIT 1   [ RunTime:0.0003s ]
SQL: SELECT * FROM `wenjuan_department` WHERE ( 1=1 AND id='5' ) LIMIT 1   [ RunTime:0.0003s ]
SQL: SELECT * FROM `wenjuan_duty` WHERE ( 1=1 AND id='16' ) LIMIT 1   [ RunTime:0.0004s ]
SQL: SELECT * FROM `wenjuan_department` WHERE ( 1=1 AND id='11' ) LIMIT 1   [ RunTime:0.0003s ]
SQL: SELECT * FROM `wenjuan_duty` WHERE ( 1=1 AND id='15' ) LIMIT 1   [ RunTime:0.0002s ]
SQL: SELECT * FROM `wenjuan_department` WHERE ( 1=1 AND id='11' ) LIMIT 1   [ RunTime:0.0002s ]
SQL: SELECT * FROM `wenjuan_duty` WHERE ( 1=1 AND id='15' ) LIMIT 1   [ RunTime:0.0002s ]
SQL: SELECT * FROM `wenjuan_department` WHERE ( 1=1 AND id='11' ) LIMIT 1   [ RunTime:0.0003s ]
SQL: SELECT * FROM `wenjuan_duty` WHERE ( 1=1 AND id='15' ) LIMIT 1   [ RunTime:0.0003s ]
SQL: SELECT * FROM `wenjuan_department` WHERE ( 1=1 AND id='11' ) LIMIT 1   [ RunTime:0.0002s ]
SQL: SELECT * FROM `wenjuan_duty` WHERE ( 1=1 AND id='15' ) LIMIT 1   [ RunTime:0.0002s ]
SQL: SELECT * FROM `wenjuan_department` WHERE ( 1=1 AND id='2' ) LIMIT 1   [ RunTime:0.0002s ]
SQL: SELECT * FROM `wenjuan_duty` WHERE ( 1=1 AND id='14' ) LIMIT 1   [ RunTime:0.0002s ]
SQL: SELECT * FROM `wenjuan_department` WHERE ( 1=1 AND id='2' ) LIMIT 1   [ RunTime:0.0003s ]
SQL: SELECT * FROM `wenjuan_duty` WHERE ( 1=1 AND id='13' ) LIMIT 1   [ RunTime:0.0003s ]
SQL: SELECT * FROM `wenjuan_department` WHERE ( 1=1 AND id='2' ) LIMIT 1   [ RunTime:0.0003s ]
SQL: SELECT * FROM `wenjuan_duty` WHERE ( 1=1 AND id='2' ) LIMIT 1   [ RunTime:0.0002s ]
SQL: SELECT * FROM `wenjuan_department` WHERE ( 1=1 AND id='1' ) LIMIT 1   [ RunTime:0.0002s ]
SQL: SELECT * FROM `wenjuan_duty` WHERE ( 1=1 AND id='1' ) LIMIT 1   [ RunTime:0.0002s ]
INFO: [ view_parse ] --START--
INFO: [ template_filter ] --START--
INFO: Run Behavior\ContentReplaceBehavior [ RunTime:0.000054s ]
INFO: [ template_filter ] --END-- [ RunTime:0.000107s ]
INFO: Run Behavior\ParseTemplateBehavior [ RunTime:0.007360s ]
INFO: [ view_parse ] --END-- [ RunTime:0.007421s ]
INFO: [ view_filter ] --START--
INFO: Run Behavior\WriteHtmlCacheBehavior [ RunTime:0.000321s ]
INFO: [ view_filter ] --END-- [ RunTime:0.000367s ]
INFO: [ app_end ] --START--
INFO: Run Behavior\ShowPageTraceBehavior [ RunTime:0.000731s ]
INFO: [ app_end ] --END-- [ RunTime:0.000809s ]

[ 2017-08-27T12:18:31+08:00 ] ::1 /wenjuan/index.php/home/index/yjkh_list.html
INFO: [ app_init ] --START--
INFO: Run Behavior\BuildLiteBehavior [ RunTime:0.000016s ]
INFO: [ app_init ] --END-- [ RunTime:0.000495s ]
INFO: [ app_begin ] --START--
INFO: Run Behavior\ReadHtmlCacheBehavior [ RunTime:0.000595s ]
INFO: [ app_begin ] --END-- [ RunTime:0.000675s ]
SQL: SHOW COLUMNS FROM `wenjuan_yjkh` [ RunTime:0.0214s ]
SQL: SELECT COUNT(*) AS tp_count FROM `wenjuan_yjkh` WHERE `is_del` = 0 LIMIT 1   [ RunTime:0.0003s ]
SQL: SELECT * FROM `wenjuan_yjkh` WHERE `is_del` = 0 ORDER BY id desc LIMIT 0,20   [ RunTime:0.0008s ]
SQL: SHOW COLUMNS FROM `wenjuan_department` [ RunTime:0.0078s ]
SQL: SELECT * FROM `wenjuan_department` WHERE ( 1=1 AND id='3' ) LIMIT 1   [ RunTime:0.0003s ]
SQL: SELECT * FROM `wenjuan_department` WHERE ( 1=1 AND id='3' ) LIMIT 1   [ RunTime:0.0002s ]
SQL: SELECT * FROM `wenjuan_department` WHERE ( 1=1 AND id='3' ) LIMIT 1   [ RunTime:0.0002s ]
SQL: SELECT * FROM `wenjuan_department` WHERE ( 1=1 AND id='3' ) LIMIT 1   [ RunTime:0.0002s ]
INFO: [ view_parse ] --START--
INFO: [ template_filter ] --START--
INFO: Run Behavior\ContentReplaceBehavior [ RunTime:0.000059s ]
INFO: [ template_filter ] --END-- [ RunTime:0.000112s ]
INFO: Run Behavior\ParseTemplateBehavior [ RunTime:0.008822s ]
INFO: [ view_parse ] --END-- [ RunTime:0.008898s ]
INFO: [ view_filter ] --START--
INFO: Run Behavior\WriteHtmlCacheBehavior [ RunTime:0.000437s ]
INFO: [ view_filter ] --END-- [ RunTime:0.000486s ]
INFO: [ app_end ] --START--
INFO: Run Behavior\ShowPageTraceBehavior [ RunTime:0.000947s ]
INFO: [ app_end ] --END-- [ RunTime:0.001045s ]

[ 2017-08-27T12:18:37+08:00 ] ::1 /wenjuan/index.php/home/index/yjkh_details.html?id=24
INFO: [ app_init ] --START--
INFO: Run Behavior\BuildLiteBehavior [ RunTime:0.000025s ]
INFO: [ app_init ] --END-- [ RunTime:0.000705s ]
INFO: [ app_begin ] --START--
INFO: Run Behavior\ReadHtmlCacheBehavior [ RunTime:0.001916s ]
INFO: [ app_begin ] --END-- [ RunTime:0.002179s ]
SQL: SHOW COLUMNS FROM `wenjuan_yjkh` [ RunTime:0.0157s ]
SQL: SELECT * FROM `wenjuan_yjkh` WHERE `id` = 24 AND `is_del` = 0 LIMIT 1   [ RunTime:0.0019s ]
INFO: [ view_parse ] --START--
INFO: [ template_filter ] --START--
INFO: Run Behavior\ContentReplaceBehavior [ RunTime:0.000053s ]
INFO: [ template_filter ] --END-- [ RunTime:0.000114s ]
INFO: Run Behavior\ParseTemplateBehavior [ RunTime:0.010493s ]
INFO: [ view_parse ] --END-- [ RunTime:0.010599s ]
INFO: [ view_filter ] --START--
INFO: Run Behavior\WriteHtmlCacheBehavior [ RunTime:0.000590s ]
INFO: [ view_filter ] --END-- [ RunTime:0.000689s ]
INFO: [ app_end ] --START--
INFO: Run Behavior\ShowPageTraceBehavior [ RunTime:0.002266s ]
INFO: [ app_end ] --END-- [ RunTime:0.002626s ]

[ 2017-08-27T12:19:31+08:00 ] ::1 /wenjuan/index.php/home/index/yjkh_details.html?id=24
INFO: [ app_init ] --START--
INFO: Run Behavior\BuildLiteBehavior [ RunTime:0.000016s ]
INFO: [ app_init ] --END-- [ RunTime:0.000472s ]
INFO: [ app_begin ] --START--
INFO: Run Behavior\ReadHtmlCacheBehavior [ RunTime:0.000606s ]
INFO: [ app_begin ] --END-- [ RunTime:0.000693s ]
SQL: SHOW COLUMNS FROM `wenjuan_yjkh` [ RunTime:0.0171s ]
SQL: SELECT * FROM `wenjuan_yjkh` WHERE `id` = 24 AND `is_del` = 0 LIMIT 1   [ RunTime:0.0005s ]
INFO: [ view_parse ] --START--
INFO: [ template_filter ] --START--
INFO: Run Behavior\ContentReplaceBehavior [ RunTime:0.000080s ]
INFO: [ template_filter ] --END-- [ RunTime:0.000162s ]
INFO: Run Behavior\ParseTemplateBehavior [ RunTime:0.011188s ]
INFO: [ view_parse ] --END-- [ RunTime:0.011281s ]
INFO: [ view_filter ] --START--
INFO: Run Behavior\WriteHtmlCacheBehavior [ RunTime:0.000707s ]
INFO: [ view_filter ] --END-- [ RunTime:0.000792s ]
INFO: [ app_end ] --START--
INFO: Run Behavior\ShowPageTraceBehavior [ RunTime:0.001013s ]
INFO: [ app_end ] --END-- [ RunTime:0.001114s ]

[ 2017-08-27T12:19:36+08:00 ] ::1 /wenjuan/index.php/home/index/yjkh_add.html?type=1
INFO: [ app_init ] --START--
INFO: Run Behavior\BuildLiteBehavior [ RunTime:0.000013s ]
INFO: [ app_init ] --END-- [ RunTime:0.000392s ]
INFO: [ app_begin ] --START--
INFO: Run Behavior\ReadHtmlCacheBehavior [ RunTime:0.000492s ]
INFO: [ app_begin ] --END-- [ RunTime:0.000549s ]
SQL: SHOW COLUMNS FROM `wenjuan_department` [ RunTime:0.0125s ]
SQL: SELECT * FROM `wenjuan_department` WHERE `is_del` = 0  [ RunTime:0.0004s ]
INFO: [ view_parse ] --START--
INFO: [ template_filter ] --START--
INFO: Run Behavior\ContentReplaceBehavior [ RunTime:0.000065s ]
INFO: [ template_filter ] --END-- [ RunTime:0.000119s ]
NOTIC: [8] Undefined variable: status_date D:\phpStudy\WWW\wenjuan\Application\Runtime\Cache\Home\4e6646dc44c308e9c60f2d072052c2b0.php 第 48 行.
NOTIC: [8] Undefined variable: end_date D:\phpStudy\WWW\wenjuan\Application\Runtime\Cache\Home\4e6646dc44c308e9c60f2d072052c2b0.php 第 48 行.
NOTIC: [8] Use of undefined constant yjkh_list - assumed 'yjkh_list' D:\phpStudy\WWW\wenjuan\Application\Runtime\Cache\Home\4e6646dc44c308e9c60f2d072052c2b0.php 第 191 行.
INFO: Run Behavior\ParseTemplateBehavior [ RunTime:0.008910s ]
INFO: [ view_parse ] --END-- [ RunTime:0.008997s ]
INFO: [ view_filter ] --START--
INFO: Run Behavior\WriteHtmlCacheBehavior [ RunTime:0.000378s ]
INFO: [ view_filter ] --END-- [ RunTime:0.000425s ]
INFO: [ app_end ] --START--
INFO: Run Behavior\ShowPageTraceBehavior [ RunTime:0.001407s ]
INFO: [ app_end ] --END-- [ RunTime:0.001493s ]

[ 2017-08-27T12:19:41+08:00 ] ::1 /wenjuan/index.php/home/index/yjkh_list.html
INFO: [ app_init ] --START--
INFO: Run Behavior\BuildLiteBehavior [ RunTime:0.000084s ]
INFO: [ app_init ] --END-- [ RunTime:0.001079s ]
INFO: [ app_begin ] --START--
INFO: Run Behavior\ReadHtmlCacheBehavior [ RunTime:0.000507s ]
INFO: [ app_begin ] --END-- [ RunTime:0.000567s ]
SQL: SHOW COLUMNS FROM `wenjuan_yjkh` [ RunTime:0.0120s ]
SQL: SELECT COUNT(*) AS tp_count FROM `wenjuan_yjkh` WHERE `is_del` = 0 LIMIT 1   [ RunTime:0.0003s ]
SQL: SELECT * FROM `wenjuan_yjkh` WHERE `is_del` = 0 ORDER BY id desc LIMIT 0,20   [ RunTime:0.0005s ]
SQL: SHOW COLUMNS FROM `wenjuan_department` [ RunTime:0.0100s ]
SQL: SELECT * FROM `wenjuan_department` WHERE ( 1=1 AND id='3' ) LIMIT 1   [ RunTime:0.0003s ]
SQL: SELECT * FROM `wenjuan_department` WHERE ( 1=1 AND id='3' ) LIMIT 1   [ RunTime:0.0002s ]
SQL: SELECT * FROM `wenjuan_department` WHERE ( 1=1 AND id='3' ) LIMIT 1   [ RunTime:0.0002s ]
SQL: SELECT * FROM `wenjuan_department` WHERE ( 1=1 AND id='3' ) LIMIT 1   [ RunTime:0.0002s ]
INFO: [ view_parse ] --START--
INFO: [ template_filter ] --START--
INFO: Run Behavior\ContentReplaceBehavior [ RunTime:0.000088s ]
INFO: [ template_filter ] --END-- [ RunTime:0.000205s ]
INFO: Run Behavior\ParseTemplateBehavior [ RunTime:0.011113s ]
INFO: [ view_parse ] --END-- [ RunTime:0.011182s ]
INFO: [ view_filter ] --START--
INFO: Run Behavior\WriteHtmlCacheBehavior [ RunTime:0.000356s ]
INFO: [ view_filter ] --END-- [ RunTime:0.000401s ]
INFO: [ app_end ] --START--
INFO: Run Behavior\ShowPageTraceBehavior [ RunTime:0.000701s ]
INFO: [ app_end ] --END-- [ RunTime:0.000771s ]

[ 2017-08-27T12:19:42+08:00 ] ::1 /wenjuan/index.php/home/index/yjkh_details.html?id=24
INFO: [ app_init ] --START--
INFO: Run Behavior\BuildLiteBehavior [ RunTime:0.000015s ]
INFO: [ app_init ] --END-- [ RunTime:0.000486s ]
INFO: [ app_begin ] --START--
INFO: Run Behavior\ReadHtmlCacheBehavior [ RunTime:0.000578s ]
INFO: [ app_begin ] --END-- [ RunTime:0.000648s ]
SQL: SHOW COLUMNS FROM `wenjuan_yjkh` [ RunTime:0.0408s ]
SQL: SELECT * FROM `wenjuan_yjkh` WHERE `id` = 24 AND `is_del` = 0 LIMIT 1   [ RunTime:0.0007s ]
INFO: [ view_parse ] --START--
INFO: [ template_filter ] --START--
INFO: Run Behavior\ContentReplaceBehavior [ RunTime:0.000055s ]
INFO: [ template_filter ] --END-- [ RunTime:0.000116s ]
INFO: Run Behavior\ParseTemplateBehavior [ RunTime:0.014040s ]
INFO: [ view_parse ] --END-- [ RunTime:0.014178s ]
INFO: [ view_filter ] --START--
INFO: Run Behavior\WriteHtmlCacheBehavior [ RunTime:0.000833s ]
INFO: [ view_filter ] --END-- [ RunTime:0.001009s ]
INFO: [ app_end ] --START--
INFO: Run Behavior\ShowPageTraceBehavior [ RunTime:0.001404s ]
INFO: [ app_end ] --END-- [ RunTime:0.001487s ]

[ 2017-08-27T12:20:13+08:00 ] ::1 /wenjuan/index.php/home/index/yjkh_details.html?id=24
INFO: [ app_init ] --START--
INFO: Run Behavior\BuildLiteBehavior [ RunTime:0.000014s ]
INFO: [ app_init ] --END-- [ RunTime:0.000477s ]
INFO: [ app_begin ] --START--
INFO: Run Behavior\ReadHtmlCacheBehavior [ RunTime:0.000653s ]
INFO: [ app_begin ] --END-- [ RunTime:0.000740s ]
SQL: SHOW COLUMNS FROM `wenjuan_yjkh` [ RunTime:0.0375s ]
SQL: SELECT * FROM `wenjuan_yjkh` WHERE `id` = 24 AND `is_del` = 0 LIMIT 1   [ RunTime:0.0005s ]
INFO: [ view_parse ] --START--
INFO: [ template_filter ] --START--
INFO: Run Behavior\ContentReplaceBehavior [ RunTime:0.000064s ]
INFO: [ template_filter ] --END-- [ RunTime:0.000130s ]
NOTIC: [8] Undefined variable: department_data D:\phpStudy\WWW\wenjuan\Application\Runtime\Cache\Home\62ea797d3b6d3dfb74d0115785ba8e68.php 第 36 行.
NOTIC: [8] Undefined variable: status_date D:\phpStudy\WWW\wenjuan\Application\Runtime\Cache\Home\62ea797d3b6d3dfb74d0115785ba8e68.php 第 42 行.
NOTIC: [8] Undefined variable: end_date D:\phpStudy\WWW\wenjuan\Application\Runtime\Cache\Home\62ea797d3b6d3dfb74d0115785ba8e68.php 第 42 行.
NOTIC: [8] Undefined variable: user_type D:\phpStudy\WWW\wenjuan\Application\Runtime\Cache\Home\62ea797d3b6d3dfb74d0115785ba8e68.php 第 52 行.
INFO: Run Behavior\ParseTemplateBehavior [ RunTime:0.022486s ]
INFO: [ view_parse ] --END-- [ RunTime:0.022598s ]
INFO: [ view_filter ] --START--
INFO: Run Behavior\WriteHtmlCacheBehavior [ RunTime:0.002030s ]
INFO: [ view_filter ] --END-- [ RunTime:0.002155s ]
INFO: [ app_end ] --START--
INFO: Run Behavior\ShowPageTraceBehavior [ RunTime:0.000705s ]
INFO: [ app_end ] --END-- [ RunTime:0.000775s ]

